[Fri Mar 27 13:35:26 UTC 2026] rerun launch start
=== FULL RUN (8xGPU, 600s) ===
verified train_shards=80 val_shards=1
verified tokenizer=/tmp/parameter-golf-data/tokenizers/fineweb_1024_bpe.model
Train script: /workspace/parameter-golf/records/track_10min_16mb/2026-03-27_OnlinePhraseCacheCalibrated/train_gpt.py
Data path: /tmp/parameter-golf-data/datasets/fineweb10B_sp1024
NGRAM: mode=online orders=2-12 buckets=8388608 alpha=[0.05,0.80] chunk=8192
PHRASE: enabled=1 lengths=64,56,48,36,28,20,16 buckets=4194304 alpha=[0.88,0.995] temp=0.85
CALIB: enabled=1 tokens=[131072,524288] alpha_grid=0.90,0.94,0.97,0.99 center_grid=2.5,3.0,3.5
COMPLEMENT: enabled=1 alpha=0.5
W0327 13:35:27.987000 20219 torch/distributed/run.py:852] 
W0327 13:35:27.987000 20219 torch/distributed/run.py:852] *****************************************
W0327 13:35:27.987000 20219 torch/distributed/run.py:852] Setting OMP_NUM_THREADS environment variable for each process to be 1 in default, to avoid your system being overloaded, please further tune the variable for optimal performance in your application as needed. 
W0327 13:35:27.987000 20219 torch/distributed/run.py:852] *****************************************
logs/online_phrase_cal_seed1337_rerun.txt
val_bpb:enabled tokenizer_kind=sentencepiece tokenizer_path=/tmp/parameter-golf-data/tokenizers/fineweb_1024_bpe.model
train_loader:dataset:fineweb10B_sp1024 train_shards:80
val_loader:shards pattern=/tmp/parameter-golf-data/datasets/fineweb10B_sp1024/fineweb_val_*.bin tokens:62021632
model_params:26993756
mtp_num_heads:0 mtp_loss_weight:0.2 mtp_params:0
XSA:last_4 active_layers:[7, 8, 9, 10]
world_size:8 grad_accum_steps:1
sdp_backends:cudnn=False flash=True mem_efficient=False math=False
attention_mode:gqa num_heads:8 num_kv_heads:4
tie_embeddings:True embed_lr:0.035 head_lr:0.0 matrix_lr:0.025 scalar_lr:0.025
activation_mode:leaky_relu_sq neg_slope:0.5 asym_init:0.25 gated_beta_init:1.0
train_batch_tokens:786432 train_seq_len:2048 iterations:20000 warmup_steps:20 max_wallclock_seconds:600.000
seed:1337
warmup_step:1/20
warmup_step:2/20
warmup_step:3/20
warmup_step:4/20
warmup_step:5/20
warmup_step:6/20
warmup_step:7/20
warmup_step:8/20
warmup_step:9/20
warmup_step:10/20
warmup_step:11/20
warmup_step:12/20
warmup_step:13/20
warmup_step:14/20
warmup_step:15/20
warmup_step:16/20
warmup_step:17/20
warmup_step:18/20
warmup_step:19/20
warmup_step:20/20
complement:enabled alpha=0.5
step:0/20000 val_loss:6.9309 val_bpb:4.1049 train_time:0ms step_avg:0.02ms
step:1/20000 train_loss:6.9317 train_time:8900ms step_avg:8900.00ms
late_qat:enabled step:1 scale:0.0190
step:2/20000 train_loss:8.6769 train_time:8933ms step_avg:4466.28ms
step:3/20000 train_loss:8.6771 train_time:9014ms step_avg:3004.67ms
step:4/20000 train_loss:8.5472 train_time:9097ms step_avg:2274.25ms
step:5/20000 train_loss:8.2978 train_time:9179ms step_avg:1835.86ms
step:6/20000 train_loss:7.9980 train_time:9262ms step_avg:1543.67ms
step:7/20000 train_loss:7.5792 train_time:9344ms step_avg:1334.85ms
step:8/20000 train_loss:7.2348 train_time:9427ms step_avg:1178.39ms
step:9/20000 train_loss:6.7728 train_time:9512ms step_avg:1056.86ms
step:10/20000 train_loss:6.4923 train_time:9595ms step_avg:959.54ms
step:500/20000 train_loss:2.4377 train_time:50884ms step_avg:101.77ms
step:1000/20000 train_loss:2.3036 train_time:93418ms step_avg:93.42ms
step:1500/20000 train_loss:2.2472 train_time:135950ms step_avg:90.63ms
step:2000/20000 train_loss:2.0906 train_time:178470ms step_avg:89.23ms
step:2500/20000 train_loss:2.1910 train_time:220937ms step_avg:88.37ms
step:3000/20000 train_loss:2.1865 train_time:263434ms step_avg:87.81ms
step:3500/20000 train_loss:2.2022 train_time:305826ms step_avg:87.38ms
step:4000/20000 train_loss:1.9905 train_time:348232ms step_avg:87.06ms
step:4000/20000 val_loss:2.0552 val_bpb:1.2172 train_time:348279ms step_avg:87.07ms
step:4500/20000 train_loss:2.1412 train_time:390631ms step_avg:86.81ms
step:5000/20000 train_loss:2.1233 train_time:433038ms step_avg:86.61ms
step:5500/20000 train_loss:2.0353 train_time:475435ms step_avg:86.44ms
step:6000/20000 train_loss:1.9606 train_time:517809ms step_avg:86.30ms
swa:start step:6300
step:6500/20000 train_loss:2.1012 train_time:560491ms step_avg:86.23ms
step:6960/20000 val_loss:1.9265 val_bpb:1.1410 train_time:600076ms step_avg:86.22ms
stopping_early: wallclock_cap train_time:600076ms step:6960/20000
peak memory allocated: 23204 MiB reserved: 23734 MiB
ema:applying EMA weights
DIAGNOSTIC post_ema val_loss:1.9248 val_bpb:1.1400 eval_time:1996ms
Serialized model: 106158518 bytes
Code size: 135594 bytes
Serialized model int6+lzma: 15758168 bytes
Total submission size int6+lzma: 15893762 bytes
final_int6_roundtrip val_loss:1.9396 val_bpb:1.1487 eval_time:6449ms
final_int6_roundtrip_exact val_loss:1.93961317 val_bpb:1.14874817
final_int6_sliding_window val_loss:1.9005 val_bpb:1.1256 stride:64 eval_time:74720ms
final_int6_sliding_window_exact val_loss:1.90046998 val_bpb:1.12556835
final_int8_zlib_roundtrip_exact val_loss:1.90046998 val_bpb:1.12556835
ngram_online:start chunks=7571 chunk_tokens=8192 orders=2-12 phrase_lengths=[64, 56, 48, 36, 28, 20, 16] temp=0.850
  ngram_online [1/7571] bpb=1.161463 time=263.8s
