variant=topbpb15
run_id=twopass_topbpb15_s1337
seed=1337
policy=top_bpb rescore_chunks=15 min_chunk_index=0
data_path=/tmp/parameter-golf-data/datasets/fineweb10B_sp1024
tokenizer_path=/tmp/parameter-golf-data/tokenizers/fineweb_1024_bpe.model

*****************************************
Setting OMP_NUM_THREADS environment variable for each process to be 1 in default, to avoid your system being overloaded, please further tune the variable for optimal performance in your application as needed. 
*****************************************
/workspace/parameter-golf-pr846/records/track_10min_16mb/2026-03-27_TwoPassNgram_0.1434/twopass_topbpb15_s1337.txt
model_preset:frontier_lean run_profile:full_8gpu_600s_ttt
val_bpb:enabled tokenizer_kind=sentencepiece tokenizer_path=/tmp/parameter-golf-data/tokenizers/fineweb_1024_bpe.model
train_loader:dataset:fineweb10B_sp1024
val_loader:shards pattern=/tmp/parameter-golf-data/datasets/fineweb10B_sp1024/fineweb_val_*.bin tokens:62021632
ttt_prep:started background doc segmentation
model_params:27255900
param_breakdown:{"lexical": 1114625, "skip": 2560, "upper_global": 25974872, "value_embedding": 163843}
world_size:8 grad_accum_steps:1
flash_attn_3_loaded:True
sdp_backends:cudnn=False flash=True mem_efficient=False math=False
train_batch_tokens:786432 train_seq_len:2048 iterations:20000 warmup_steps:20 max_wallclock_seconds:525.000
activation_mode:leaky_relu2 export_quantizer:full_gptq_int5 ttt_optimizer:adamw
ngram_eval:enabled:True two_pass:True policy:top_bpb rescore_chunks:15 min_chunk_index:0
muon:banking_enabled:True bank_min_tensors:2
moonshot lower_replace_layers:0 local_shared_blocks:4 use_unet_skips:True
seed:1337
shard_order:computing perplexity ranking...
shard_order:ranked 80 shards by perplexity
warmup_step:1/20
warmup_step:2/20
warmup_step:3/20
warmup_step:4/20
warmup_step:5/20
warmup_step:6/20
warmup_step:7/20
warmup_step:8/20
warmup_step:9/20
warmup_step:10/20
warmup_step:11/20
warmup_step:12/20
warmup_step:13/20
warmup_step:14/20
warmup_step:15/20
warmup_step:16/20
warmup_step:17/20
warmup_step:18/20
warmup_step:19/20
warmup_step:20/20
step:0/20000 val_loss:6.9316 val_bpb:4.1053 train_time:0ms step_avg:0.01ms
step:1/20000 train_loss:6.9323 train_time:104ms step_avg:103.79ms
step:2/20000 train_loss:8.7056 train_time:183ms step_avg:91.55ms
step:3/20000 train_loss:7.9488 train_time:267ms step_avg:88.89ms
step:4/20000 train_loss:7.2404 train_time:351ms step_avg:87.69ms
step:5/20000 train_loss:6.9519 train_time:435ms step_avg:86.93ms
step:6/20000 train_loss:6.8661 train_time:518ms step_avg:86.36ms
step:7/20000 train_loss:6.7760 train_time:602ms step_avg:86.00ms
step:8/20000 train_loss:6.6144 train_time:686ms step_avg:85.78ms
step:9/20000 train_loss:6.2592 train_time:771ms step_avg:85.70ms
step:10/20000 train_loss:6.1113 train_time:855ms step_avg:85.50ms
step:500/20000 train_loss:2.3680 train_time:42713ms step_avg:85.43ms
step:1000/20000 train_loss:2.1706 train_time:85622ms step_avg:85.62ms
step:1500/20000 train_loss:2.3029 train_time:128639ms step_avg:85.76ms
step:2000/20000 train_loss:2.1118 train_time:171667ms step_avg:85.83ms
step:2500/20000 train_loss:2.0926 train_time:214670ms step_avg:85.87ms
step:3000/20000 train_loss:2.1328 train_time:257651ms step_avg:85.88ms
step:3500/20000 train_loss:2.0634 train_time:300634ms step_avg:85.90ms
step:4000/20000 train_loss:2.0703 train_time:343587ms step_avg:85.90ms
step:4000/20000 val_loss:2.0345 val_bpb:1.2049 train_time:343595ms step_avg:85.90ms
step:4500/20000 train_loss:2.0189 train_time:386537ms step_avg:85.90ms
step:5000/20000 train_loss:1.9860 train_time:429467ms step_avg:85.89ms
swa:start step:5450
step:5500/20000 train_loss:2.0572 train_time:472570ms step_avg:85.92ms
step:6000/20000 train_loss:1.9390 train_time:515839ms step_avg:85.97ms
step:6106/20000 val_loss:1.9343 val_bpb:1.1456 train_time:525042ms step_avg:85.99ms
stopping_early: wallclock_cap train_time:525042ms step:6106/20000
peak memory allocated: 20674 MiB reserved: 20728 MiB
ema:applying best EMA (decay=0.9970 bpb=inf)
DIAGNOSTIC post_average val_loss:1.9339 val_bpb:1.1454 eval_time:1999ms
gptq:calibrating hessians batches:64 batch_tokens:0 seq_len:2048
gptq:calibrated 68 layers in 1.0s
export_grid block:128 refine:3 damp:0.0100 mse:0.03444807
export_grid block:64 refine:3 damp:0.0100 mse:0.03444823
export_grid block:128 refine:3 damp:0.0050 mse:0.03486737
export_grid block:64 refine:3 damp:0.0050 mse:0.03486734
gptq_quantize: 66 GPTQ layers, 0 naive layers
mixed_precision: 25952256 int5 params, 0 int6 params
Serialized model research_export: 13231828 bytes
Code size: 188911 bytes
Total submission size research_export: 13420739 bytes
final_research_export_roundtrip val_loss:1.9653 val_bpb:1.1639 eval_time:6713ms
final_research_export_sliding skipped
final_research_export_exact val_loss:1.96525601 val_bpb:1.16393531
final_ttt val_loss:1.9399 val_bpb:1.1489 eval_time:52971ms
final_ttt_meta optimizer:adamw temperature:0.9800 weight_decay:0.000000
final_ttt_exact val_loss:1.93991474 val_bpb:1.14892678
  ngram_pass1 chunk:1/63 bpb:1.1502 [COLD]
  ngram_pass1 chunk:2/63 bpb:1.3329 [COLD]
  ngram_pass1 chunk:3/63 bpb:1.2831 [COLD]
  ngram_pass1 chunk:4/63 bpb:1.1898 [COLD]
  ngram_pass1 chunk:5/63 bpb:1.0526 [COLD]
  ngram_pass1 chunk:61/63 bpb:0.1200 [warm]
  ngram_pass1 chunk:62/63 bpb:0.1208 [warm]
  ngram_pass1 chunk:63/63 bpb:0.1248 [warm]
  ngram_pass1_total bpb:0.2951 time:298509ms
  ngram_pass2: policy=top_bpb rescoring 15 chunks (indices:1,2,3,4,5,6,7,8,9,10,11,12,13,14,15) with full cache (63 chunks seen)...
  ngram_pass2 chunk:1 pass1:1.1502 pass2:0.1178 delta:+1.0324
  ngram_pass2 chunk:2 pass1:1.3329 pass2:0.1168 delta:+1.2161
  ngram_pass2 chunk:3 pass1:1.2831 pass2:0.1175 delta:+1.1657
  ngram_pass2 chunk:4 pass1:1.1898 pass2:0.1175 delta:+1.0723
  ngram_pass2 chunk:5 pass1:1.0526 pass2:0.1161 delta:+0.9366
  ngram_pass2 chunk:6 pass1:0.9248 pass2:0.1165 delta:+0.8083
  ngram_pass2 chunk:7 pass1:0.7898 pass2:0.1180 delta:+0.6719
  ngram_pass2 chunk:8 pass1:0.6752 pass2:0.1171 delta:+0.5581
  ngram_pass2 chunk:9 pass1:0.5773 pass2:0.1172 delta:+0.4602
  ngram_pass2 chunk:10 pass1:0.5032 pass2:0.1148 delta:+0.3884
  ngram_pass2 chunk:11 pass1:0.4389 pass2:0.1151 delta:+0.3238
  ngram_pass2 chunk:12 pass1:0.3915 pass2:0.1170 delta:+0.2745
  ngram_pass2 chunk:13 pass1:0.3466 pass2:0.1157 delta:+0.2309
  ngram_pass2 chunk:14 pass1:0.3112 pass2:0.1156 delta:+0.1956
  ngram_pass2 chunk:15 pass1:0.2817 pass2:0.1138 delta:+0.1679
  ngram_pass2_total bpb:0.1435 improvement:+0.1516 time:55795ms
final_ngram val_loss:0.2423 val_bpb:0.1435 eval_time:354856ms max_order:9 adaptive:True pass2_policy:top_bpb pass2_rescore_chunks:15 pass2_min_chunk_index:0
final_ngram_exact val_loss:0.24234154 val_bpb:0.14352831
phase_timings:{"diagnostic_eval_ms": 1999.0011120098643, "ngram_eval_ms": 355103.70008600876, "quantize_ms": 20141.977921011858, "roundtrip_eval_ms": 53565.33389299875, "serialize_ms": 44664.38112698961, "skipped": {"diagnostic_eval": false, "export": false, "roundtrip_eval": false, "sliding_eval": false}, "sliding_eval_ms": 0.0}
