
*****************************************
Setting OMP_NUM_THREADS environment variable for each process to be 1 in default, to avoid your system being overloaded, please further tune the variable for optimal performance in your application as needed. 
*****************************************
logs/xwing_recent8.txt
val_bpb:enabled tokenizer_kind=sentencepiece tokenizer_path=/tmp/parameter-golf-data/tokenizers/fineweb_1024_bpe.model
train_loader:dataset:fineweb10B_sp1024 train_shards:80
val_loader:shards pattern=/tmp/parameter-golf-data/datasets/fineweb10B_sp1024/fineweb_val_*.bin tokens:62021632
model_params:26928220
f1_corr:rank=0 params=0 est_int6_bytes~0
mlp_act:leaky_relu_sq mlp_leaky_slope:0.5
XSA:last_4 world_size:8 grad_accum_steps:1
num_heads:8 num_kv_heads:4 embed_lr:0.035 matrix_lr:0.025
train_batch_tokens:786432 train_seq_len:2048 iterations:20000 warmup_steps:20 max_wallclock_seconds:600.000
compile:enabled=1 fullgraph=0
seed:1337
ngram_eval:order=7 alpha=0.3 min_count=2 buckets=8388608
ngram_recent:window_chunks=8 min_order=5 blend_target=8.0
warmup_step:1/20
warmup_step:2/20
warmup_step:3/20
warmup_step:4/20
warmup_step:5/20
warmup_step:6/20
warmup_step:7/20
warmup_step:8/20
warmup_step:9/20
warmup_step:10/20
warmup_step:11/20
warmup_step:12/20
warmup_step:13/20
warmup_step:14/20
warmup_step:15/20
warmup_step:16/20
warmup_step:17/20
warmup_step:18/20
warmup_step:19/20
warmup_step:20/20
step:0/20000 val_loss:6.9317 val_bpb:4.1054 train_time:0ms step_avg:0.02ms
step:1/20000 train_loss:6.9343 train_time:144ms step_avg:144.27ms
step:2/20000 train_loss:8.7868 train_time:226ms step_avg:112.82ms
step:3/20000 train_loss:7.9649 train_time:312ms step_avg:103.84ms
step:4/20000 train_loss:7.2289 train_time:397ms step_avg:99.32ms
step:5/20000 train_loss:6.9869 train_time:483ms step_avg:96.59ms
step:6/20000 train_loss:6.9478 train_time:568ms step_avg:94.75ms
step:7/20000 train_loss:6.8043 train_time:654ms step_avg:93.36ms
step:8/20000 train_loss:6.6817 train_time:739ms step_avg:92.41ms
step:9/20000 train_loss:6.3602 train_time:825ms step_avg:91.64ms
step:10/20000 train_loss:6.0477 train_time:910ms step_avg:91.04ms
step:500/20000 train_loss:2.3745 train_time:43774ms step_avg:87.55ms
step:1000/20000 train_loss:2.2567 train_time:87686ms step_avg:87.69ms
step:1500/20000 train_loss:2.2043 train_time:131660ms step_avg:87.77ms
step:2000/20000 train_loss:2.0467 train_time:175638ms step_avg:87.82ms
step:2500/20000 train_loss:2.1512 train_time:219614ms step_avg:87.85ms
step:3000/20000 train_loss:2.1493 train_time:263585ms step_avg:87.86ms
step:3500/20000 train_loss:2.1634 train_time:307514ms step_avg:87.86ms
step:4000/20000 train_loss:1.9561 train_time:351434ms step_avg:87.86ms
step:4000/20000 val_loss:2.0468 val_bpb:1.2122 train_time:351439ms step_avg:87.86ms
step:4500/20000 train_loss:2.1044 train_time:395347ms step_avg:87.85ms
step:5000/20000 train_loss:2.0862 train_time:439254ms step_avg:87.85ms
late_qat:enabled step:5081 scale:0.4998
step:5500/20000 train_loss:1.9995 train_time:483143ms step_avg:87.84ms
step:6000/20000 train_loss:1.9237 train_time:527034ms step_avg:87.84ms
swa:start step:6150
step:6500/20000 train_loss:2.0632 train_time:571154ms step_avg:87.87ms
step:6827/20000 val_loss:1.9219 val_bpb:1.1382 train_time:600018ms step_avg:87.89ms
stopping_early: wallclock_cap train_time:600018ms step:6827/20000
peak memory allocated: 20672 MiB reserved: 20718 MiB
gptq:calibrating with training data...
gptq:calibrated 68 layers in 3.4s
ema:applying EMA weights
DIAGNOSTIC post_ema val_loss:1.9203 val_bpb:1.1373 eval_time:2151ms
Serialized model: 106047497 bytes
Code size: 104814 bytes
gptq_quantize: 66 GPTQ layers, 0 naive layers
gptq_quantize: 66 GPTQ layers, 0 naive layers
gptq_quantize: 66 GPTQ layers, 0 naive layers
gptq_quantize: 66 GPTQ layers, 0 naive layers
gptq_quantize: 66 GPTQ layers, 0 naive layers
gptq_quantize: 66 GPTQ layers, 0 naive layers
gptq_quantize: 66 GPTQ layers, 0 naive layers
gptq_quantize: 66 GPTQ layers, 0 naive layers
Serialized model int6+zlib: 16986087 bytes
Total submission size int6+zlib: 17090901 bytes
Total submission size int8+zlib: 17090901 bytes
final_int6_roundtrip val_loss:1.9297 val_bpb:1.1429 eval_time:37085ms
final_int6_roundtrip_exact val_loss:1.92973687 val_bpb:1.14289887
final_int6_sliding_window val_loss:1.8899 val_bpb:1.1193 stride:64 eval_time:95664ms
final_int6_sliding_window_exact val_loss:1.88993397 val_bpb:1.11932832
final_int8_zlib_roundtrip_exact val_loss:1.88993397 val_bpb:1.11932832
ngram_eval:chunks=60 chunk_tokens=1048576 windows=969088 shared_tables=True recent_window_chunks=8 recent_min_order=5
ngram_eval:chunk [1/60] bpb=1.129995 t=15s
ngram_eval:chunk [2/60] bpb=1.160531 t=18s
ngram_eval:chunk [3/60] bpb=1.150673 t=21s
cubric:step=8 o2:0.808 o3:0.808 o4:1.000 o5:1.194 o6:1.159 o7:1.230
ngram_eval:chunk [11/60] bpb=1.037341 t=43s
cubric:step=16 o2:0.633 o3:0.633 o4:1.000 o5:1.513 o6:1.469 o7:1.558
ngram_eval:chunk [21/60] bpb=0.868983 t=71s
cubric:step=24 o2:0.496 o3:0.496 o4:1.000 o5:1.916 o6:1.860 o7:1.974
ngram_eval:chunk [31/60] bpb=0.749082 t=97s
cubric:step=32 o2:0.453 o3:0.389 o4:0.859 o5:2.000 o6:2.000 o7:2.000
cubric:step=40 o2:0.453 o3:0.305 o4:0.673 o5:2.000 o6:2.000 o7:2.000
ngram_eval:chunk [41/60] bpb=0.666761 t=123s
cubric:step=48 o2:0.453 o3:0.300 o4:0.578 o5:2.000 o6:2.000 o7:2.000
ngram_eval:chunk [51/60] bpb=0.612777 t=147s
cubric:step=56 o2:0.453 o3:0.300 o4:0.481 o5:1.940 o6:2.000 o7:2.000
ngram_eval:chunk [60/60] bpb=0.579400 t=180s
cubric:final c_steps=60 o2:0.453 o3:0.300 o4:0.481 o5:1.882 o6:2.000 o7:2.000
final_int6_sliding_window_ngram7 val_loss:0.9799 val_bpb:0.5804 eval_time:182533ms
final_int6_sliding_window_ngram7_exact val_loss:0.97993478 val_bpb:0.58037411
