=== FULL RUN (8xGPU, 600s) ===
verified train_shards=80 val_shards=1
verified tokenizer=/tmp/parameter-golf-data/tokenizers/fineweb_1024_bpe.model
Train script: /workspace/parameter-golf/records/track_10min_16mb/2026-03-26_PPM_NgramRescore/train_gpt.py
Data path: /tmp/parameter-golf-data/datasets/fineweb10B_sp1024
NGRAM: orders=2-12 buckets=4194304 alpha=[0.05,0.70]
COMPLEMENT: enabled=0 alpha=0.5
W0326 16:40:51.138000 1062 torch/distributed/run.py:803] 
W0326 16:40:51.138000 1062 torch/distributed/run.py:803] *****************************************
W0326 16:40:51.138000 1062 torch/distributed/run.py:803] Setting OMP_NUM_THREADS environment variable for each process to be 1 in default, to avoid your system being overloaded, please further tune the variable for optimal performance in your application as needed. 
W0326 16:40:51.138000 1062 torch/distributed/run.py:803] *****************************************
logs/cd0d9508-0c0e-4e0c-afcd-896023c6cafc.txt
val_bpb:enabled tokenizer_kind=sentencepiece tokenizer_path=/tmp/parameter-golf-data/tokenizers/fineweb_1024_bpe.model
train_loader:dataset:fineweb10B_sp1024 train_shards:80
val_loader:shards pattern=/tmp/parameter-golf-data/datasets/fineweb10B_sp1024/fineweb_val_*.bin tokens:62021632
model_params:26993756
mtp_num_heads:0 mtp_loss_weight:0.2 mtp_params:0
XSA:last_4 active_layers:[7, 8, 9, 10]
world_size:8 grad_accum_steps:1
sdp_backends:cudnn=False flash=True mem_efficient=False math=False
attention_mode:gqa num_heads:8 num_kv_heads:4
tie_embeddings:True embed_lr:0.035 head_lr:0.0 matrix_lr:0.025 scalar_lr:0.025
activation_mode:leaky_relu_sq neg_slope:0.5 asym_init:0.25 gated_beta_init:1.0
train_batch_tokens:786432 train_seq_len:2048 iterations:20000 warmup_steps:20 max_wallclock_seconds:600.000
seed:1337
warmup_step:1/20
warmup_step:2/20
warmup_step:3/20
warmup_step:4/20
warmup_step:5/20
warmup_step:6/20
warmup_step:7/20
warmup_step:8/20
warmup_step:9/20
warmup_step:10/20
warmup_step:11/20
warmup_step:12/20
warmup_step:13/20
warmup_step:14/20
warmup_step:15/20
warmup_step:16/20
warmup_step:17/20
warmup_step:18/20
warmup_step:19/20
warmup_step:20/20
step:0/20000 val_loss:6.9309 val_bpb:4.1049 train_time:0ms step_avg:0.01ms
step:1/20000 train_loss:6.9317 train_time:133ms step_avg:132.61ms
step:2/20000 train_loss:8.6535 train_time:168ms step_avg:84.10ms
step:3/20000 train_loss:7.6846 train_time:248ms step_avg:82.57ms
step:4/20000 train_loss:7.2552 train_time:332ms step_avg:83.02ms
step:5/20000 train_loss:7.1509 train_time:414ms step_avg:82.71ms
step:6/20000 train_loss:7.1069 train_time:494ms step_avg:82.38ms
step:7/20000 train_loss:6.9989 train_time:582ms step_avg:83.19ms
step:8/20000 train_loss:6.9259 train_time:657ms step_avg:82.18ms
step:9/20000 train_loss:6.5603 train_time:740ms step_avg:82.20ms
step:10/20000 train_loss:6.1612 train_time:820ms step_avg:82.03ms
step:500/20000 train_loss:2.3925 train_time:41680ms step_avg:83.36ms
step:1000/20000 train_loss:2.2635 train_time:83608ms step_avg:83.61ms
step:1500/20000 train_loss:2.2026 train_time:125592ms step_avg:83.73ms
step:2000/20000 train_loss:2.0494 train_time:167587ms step_avg:83.79ms
step:2500/20000 train_loss:2.1549 train_time:209558ms step_avg:83.82ms
step:3000/20000 train_loss:2.1472 train_time:251511ms step_avg:83.84ms
step:3500/20000 train_loss:2.1714 train_time:293434ms step_avg:83.84ms
step:4000/20000 train_loss:1.9637 train_time:335336ms step_avg:83.83ms
step:4000/20000 val_loss:2.0558 val_bpb:1.2176 train_time:335386ms step_avg:83.85ms
step:4500/20000 train_loss:2.1152 train_time:377238ms step_avg:83.83ms
step:5000/20000 train_loss:2.0954 train_time:419126ms step_avg:83.83ms
step:5500/20000 train_loss:2.0113 train_time:461083ms step_avg:83.83ms
step:6000/20000 train_loss:1.9367 train_time:502947ms step_avg:83.82ms
swa:start step:6500
step:6500/20000 train_loss:2.0773 train_time:544810ms step_avg:83.82ms
late_qat:enabled step:6630 scale:0.1500
step:7000/20000 train_loss:1.7872 train_time:587369ms step_avg:83.91ms
step:7149/20000 val_loss:1.9204 val_bpb:1.1373 train_time:600060ms step_avg:83.94ms
stopping_early: wallclock_cap train_time:600060ms step:7149/20000
peak memory allocated: 21482 MiB reserved: 22032 MiB
ema:applying EMA weights
DIAGNOSTIC post_ema val_loss:1.9186 val_bpb:1.1363 eval_time:1987ms
Serialized model: 106158518 bytes
Code size: 126118 bytes
Serialized model int6+lzma: 15849800 bytes
Total submission size int6+lzma: 15975918 bytes
final_int6_roundtrip val_loss:1.9326 val_bpb:1.1446 eval_time:18679ms
final_int6_roundtrip_exact val_loss:1.93263958 val_bpb:1.14461802
final_int6_sliding_window val_loss:1.8930 val_bpb:1.1211 stride:64 eval_time:96508ms
final_int6_sliding_window_exact val_loss:1.89295611 val_bpb:1.12111820
final_int8_zlib_roundtrip_exact val_loss:1.89295611 val_bpb:1.12111820
ngram: using single_pass mode (chunk_tokens=262144)
ngram_single_pass: 237 chunks of 262144 tokens, total=62021632, seq_len=2048
ngram_single_pass: chunk 1/237 scored=32768 matched=0
ngram_single_pass: chunk 48/237 scored=1572864 matched=1527307
ngram_single_pass: chunk 95/237 scored=3112960 matched=3067403
ngram_single_pass: chunk 142/237 scored=4653056 matched=4607499
ngram_single_pass: chunk 189/237 scored=6193152 matched=6147595
ngram_single_pass: chunk 236/237 scored=7733248 matched=7687691
ngram_single_pass: chunk 237/237 scored=7751680 matched=7706123
ngram_single_pass: done val_bpb=0.198006 matched=7706123/7751680 (99.4%) mean_alpha=0.785 time=136.0s
ngram_single_pass val_loss:0.3343 val_bpb:0.1980 eval_time:135985ms
ngram_single_pass_exact val_loss:0.33432484 val_bpb:0.19800600
final_int8_zlib_roundtrip_exact val_loss:0.33432484 val_bpb:0.19800600
