=== FULL RUN (8xGPU, 600s) ===
verified train_shards=80 val_shards=1
verified tokenizer=/tmp/parameter-golf-data/tokenizers/fineweb_1024_bpe.model
Train script: /workspace/parameter-golf/records/track_10min_16mb/2026-03-26_PPM_NgramRescore/train_gpt.py
Data path: /tmp/parameter-golf-data/datasets/fineweb10B_sp1024
NGRAM: orders=2-12 buckets=4194304 alpha=[0.05,0.70]
COMPLEMENT: enabled=0 alpha=0.5
W0326 16:03:32.779000 59269 torch/distributed/run.py:803] 
W0326 16:03:32.779000 59269 torch/distributed/run.py:803] *****************************************
W0326 16:03:32.779000 59269 torch/distributed/run.py:803] Setting OMP_NUM_THREADS environment variable for each process to be 1 in default, to avoid your system being overloaded, please further tune the variable for optimal performance in your application as needed. 
W0326 16:03:32.779000 59269 torch/distributed/run.py:803] *****************************************
logs/12cfe132-8b63-4204-80b2-e7b44f208804.txt
val_bpb:enabled tokenizer_kind=sentencepiece tokenizer_path=/tmp/parameter-golf-data/tokenizers/fineweb_1024_bpe.model
train_loader:dataset:fineweb10B_sp1024 train_shards:80
val_loader:shards pattern=/tmp/parameter-golf-data/datasets/fineweb10B_sp1024/fineweb_val_*.bin tokens:62021632
model_params:26993756
mtp_num_heads:0 mtp_loss_weight:0.2 mtp_params:0
XSA:last_4 active_layers:[7, 8, 9, 10]
world_size:8 grad_accum_steps:1
sdp_backends:cudnn=False flash=True mem_efficient=False math=False
attention_mode:gqa num_heads:8 num_kv_heads:4
tie_embeddings:True embed_lr:0.035 head_lr:0.0 matrix_lr:0.025 scalar_lr:0.025
activation_mode:leaky_relu_sq neg_slope:0.5 asym_init:0.25 gated_beta_init:1.0
train_batch_tokens:786432 train_seq_len:2048 iterations:20000 warmup_steps:20 max_wallclock_seconds:600.000
seed:42
warmup_step:1/20
warmup_step:2/20
warmup_step:3/20
warmup_step:4/20
warmup_step:5/20
warmup_step:6/20
warmup_step:7/20
warmup_step:8/20
warmup_step:9/20
warmup_step:10/20
warmup_step:11/20
warmup_step:12/20
warmup_step:13/20
warmup_step:14/20
warmup_step:15/20
warmup_step:16/20
warmup_step:17/20
warmup_step:18/20
warmup_step:19/20
warmup_step:20/20
step:0/20000 val_loss:6.9297 val_bpb:4.1042 train_time:0ms step_avg:0.02ms
step:1/20000 train_loss:6.9319 train_time:131ms step_avg:131.01ms
step:2/20000 train_loss:8.6254 train_time:159ms step_avg:79.37ms
step:3/20000 train_loss:7.7122 train_time:239ms step_avg:79.74ms
step:4/20000 train_loss:7.2838 train_time:321ms step_avg:80.21ms
step:5/20000 train_loss:7.1731 train_time:402ms step_avg:80.35ms
step:6/20000 train_loss:7.0090 train_time:483ms step_avg:80.54ms
step:7/20000 train_loss:6.9174 train_time:564ms step_avg:80.64ms
step:8/20000 train_loss:6.8680 train_time:647ms step_avg:80.87ms
step:9/20000 train_loss:6.5554 train_time:728ms step_avg:80.91ms
step:10/20000 train_loss:6.2092 train_time:811ms step_avg:81.10ms
step:500/20000 train_loss:2.3947 train_time:41636ms step_avg:83.27ms
step:1000/20000 train_loss:2.2659 train_time:83559ms step_avg:83.56ms
step:1500/20000 train_loss:2.2075 train_time:125530ms step_avg:83.69ms
step:2000/20000 train_loss:2.0534 train_time:167455ms step_avg:83.73ms
step:2500/20000 train_loss:2.1606 train_time:209336ms step_avg:83.73ms
step:3000/20000 train_loss:2.1525 train_time:251189ms step_avg:83.73ms
step:3500/20000 train_loss:2.1691 train_time:293037ms step_avg:83.72ms
step:4000/20000 train_loss:1.9636 train_time:334886ms step_avg:83.72ms
step:4000/20000 val_loss:2.0569 val_bpb:1.2182 train_time:334936ms step_avg:83.73ms
step:4500/20000 train_loss:2.1164 train_time:376785ms step_avg:83.73ms
step:5000/20000 train_loss:2.0985 train_time:418603ms step_avg:83.72ms
step:5500/20000 train_loss:2.0122 train_time:460434ms step_avg:83.72ms
step:6000/20000 train_loss:1.9381 train_time:502255ms step_avg:83.71ms
swa:start step:6500
step:6500/20000 train_loss:2.0800 train_time:544080ms step_avg:83.70ms
late_qat:enabled step:6640 scale:0.1499
step:7000/20000 train_loss:1.7892 train_time:586563ms step_avg:83.79ms
step:7159/20000 val_loss:1.9214 val_bpb:1.1380 train_time:600128ms step_avg:83.83ms
stopping_early: wallclock_cap train_time:600128ms step:7159/20000
peak memory allocated: 21472 MiB reserved: 22004 MiB
ema:applying EMA weights
DIAGNOSTIC post_ema val_loss:1.9197 val_bpb:1.1369 eval_time:1992ms
Serialized model: 106158518 bytes
Code size: 113333 bytes
Serialized model int6+lzma: 15842084 bytes
Total submission size int6+lzma: 15955417 bytes
final_int6_roundtrip val_loss:1.9336 val_bpb:1.1452 eval_time:6321ms
final_int6_roundtrip_exact val_loss:1.93363801 val_bpb:1.14520935
final_int6_sliding_window val_loss:1.8940 val_bpb:1.1217 stride:64 eval_time:75077ms
final_int6_sliding_window_exact val_loss:1.89401720 val_bpb:1.12174664
final_int8_zlib_roundtrip_exact val_loss:1.89401720 val_bpb:1.12174664
ngram_two_pass: starting Pass 1 (sliding-window neural eval)
ngram_two_pass: Pass 1 done val_bpb=1.121747 tokens_scored=7754688 time=89.1s
ngram_two_pass: building cache orders=2-12 buckets=4194304
ngram_two_pass: cache built in 33.5s
ngram_two_pass: starting Pass 2 (n-gram rescore)
ngram_rescore: matched=7754688/7754688 (100.0%) mean_alpha=0.819
ngram_two_pass: Pass 2 done val_bpb=0.093530 improvement=1.028216 time=35.6s
ngram_two_pass: total time=158.2s
ngram_two_pass val_loss:0.1579 val_bpb:0.0935 eval_time:158176ms
ngram_two_pass_exact val_loss:0.15792152 val_bpb:0.09353027
final_int8_zlib_roundtrip_exact val_loss:0.15792152 val_bpb:0.09353027
