=== FULL RUN (8xGPU, 600s) ===
verified train_shards=80 val_shards=1
verified tokenizer=/tmp/parameter-golf-data/tokenizers/fineweb_1024_bpe.model
Train script: /workspace/parameter-golf/records/track_10min_16mb/2026-03-26_PPM_NgramRescore/train_gpt.py
Data path: /tmp/parameter-golf-data/datasets/fineweb10B_sp1024
NGRAM: orders=2-12 buckets=4194304 alpha=[0.05,0.70]
COMPLEMENT: enabled=0 alpha=0.5
W0326 15:46:19.542000 1118 torch/distributed/run.py:803] 
W0326 15:46:19.542000 1118 torch/distributed/run.py:803] *****************************************
W0326 15:46:19.542000 1118 torch/distributed/run.py:803] Setting OMP_NUM_THREADS environment variable for each process to be 1 in default, to avoid your system being overloaded, please further tune the variable for optimal performance in your application as needed. 
W0326 15:46:19.542000 1118 torch/distributed/run.py:803] *****************************************
logs/b5685f23-0a31-4228-b99d-8ce34ecbc121.txt
val_bpb:enabled tokenizer_kind=sentencepiece tokenizer_path=/tmp/parameter-golf-data/tokenizers/fineweb_1024_bpe.model
train_loader:dataset:fineweb10B_sp1024 train_shards:80
val_loader:shards pattern=/tmp/parameter-golf-data/datasets/fineweb10B_sp1024/fineweb_val_*.bin tokens:62021632
model_params:26993756
mtp_num_heads:0 mtp_loss_weight:0.2 mtp_params:0
XSA:last_4 active_layers:[7, 8, 9, 10]
world_size:8 grad_accum_steps:1
sdp_backends:cudnn=False flash=True mem_efficient=False math=False
attention_mode:gqa num_heads:8 num_kv_heads:4
tie_embeddings:True embed_lr:0.035 head_lr:0.0 matrix_lr:0.025 scalar_lr:0.025
activation_mode:leaky_relu_sq neg_slope:0.5 asym_init:0.25 gated_beta_init:1.0
train_batch_tokens:786432 train_seq_len:2048 iterations:20000 warmup_steps:20 max_wallclock_seconds:600.000
seed:1337
warmup_step:1/20
warmup_step:2/20
warmup_step:3/20
warmup_step:4/20
warmup_step:5/20
warmup_step:6/20
warmup_step:7/20
warmup_step:8/20
warmup_step:9/20
warmup_step:10/20
warmup_step:11/20
warmup_step:12/20
warmup_step:13/20
warmup_step:14/20
warmup_step:15/20
warmup_step:16/20
warmup_step:17/20
warmup_step:18/20
warmup_step:19/20
warmup_step:20/20
step:0/20000 val_loss:6.9309 val_bpb:4.1049 train_time:0ms step_avg:0.01ms
step:1/20000 train_loss:6.9317 train_time:133ms step_avg:133.21ms
step:2/20000 train_loss:8.6535 train_time:170ms step_avg:85.12ms
step:3/20000 train_loss:7.6846 train_time:250ms step_avg:83.17ms
step:4/20000 train_loss:7.2550 train_time:333ms step_avg:83.19ms
step:5/20000 train_loss:7.1509 train_time:414ms step_avg:82.79ms
step:6/20000 train_loss:7.1068 train_time:496ms step_avg:82.59ms
step:7/20000 train_loss:6.9993 train_time:577ms step_avg:82.38ms
step:8/20000 train_loss:6.9260 train_time:658ms step_avg:82.21ms
step:9/20000 train_loss:6.5606 train_time:739ms step_avg:82.09ms
step:10/20000 train_loss:6.1615 train_time:820ms step_avg:82.02ms
step:500/20000 train_loss:2.3847 train_time:41649ms step_avg:83.30ms
step:1000/20000 train_loss:2.2672 train_time:83590ms step_avg:83.59ms
step:1500/20000 train_loss:2.2093 train_time:125651ms step_avg:83.77ms
step:2000/20000 train_loss:2.0538 train_time:167662ms step_avg:83.83ms
step:2500/20000 train_loss:2.1568 train_time:209628ms step_avg:83.85ms
step:3000/20000 train_loss:2.1482 train_time:251536ms step_avg:83.85ms
step:3500/20000 train_loss:2.1704 train_time:293435ms step_avg:83.84ms
step:4000/20000 train_loss:1.9664 train_time:335309ms step_avg:83.83ms
step:4000/20000 val_loss:2.0562 val_bpb:1.2178 train_time:335360ms step_avg:83.84ms
step:4500/20000 train_loss:2.1157 train_time:377183ms step_avg:83.82ms
step:5000/20000 train_loss:2.0956 train_time:419047ms step_avg:83.81ms
step:5500/20000 train_loss:2.0147 train_time:460900ms step_avg:83.80ms
step:6000/20000 train_loss:1.9381 train_time:502737ms step_avg:83.79ms
swa:start step:6500
step:6500/20000 train_loss:2.0782 train_time:544567ms step_avg:83.78ms
late_qat:enabled step:6634 scale:0.1499
step:7000/20000 train_loss:1.7855 train_time:587051ms step_avg:83.86ms
step:7152/20000 val_loss:1.9207 val_bpb:1.1376 train_time:600048ms step_avg:83.90ms
stopping_early: wallclock_cap train_time:600048ms step:7152/20000
peak memory allocated: 21482 MiB reserved: 22032 MiB
ema:applying EMA weights
DIAGNOSTIC post_ema val_loss:1.9190 val_bpb:1.1365 eval_time:1990ms
Serialized model: 106158518 bytes
Code size: 113333 bytes
Serialized model int6+lzma: 15852856 bytes
Total submission size int6+lzma: 15966189 bytes
final_int6_roundtrip val_loss:1.9329 val_bpb:1.1448 eval_time:18644ms
final_int6_roundtrip_exact val_loss:1.93293646 val_bpb:1.14479385
final_int6_sliding_window val_loss:1.8931 val_bpb:1.1212 stride:64 eval_time:96704ms
final_int6_sliding_window_exact val_loss:1.89308805 val_bpb:1.12119635
final_int8_zlib_roundtrip_exact val_loss:1.89308805 val_bpb:1.12119635
ngram_two_pass: starting Pass 1 (sliding-window neural eval)
ngram_two_pass: Pass 1 done val_bpb=1.121196 tokens_scored=7754688 time=88.5s
ngram_two_pass: building cache orders=2-12 buckets=4194304
ngram_two_pass: cache built in 31.4s
ngram_two_pass: starting Pass 2 (n-gram rescore)
ngram_rescore: matched=7754688/7754688 (100.0%) mean_alpha=0.819
ngram_two_pass: Pass 2 done val_bpb=0.093504 improvement=1.027693 time=37.5s
ngram_two_pass: total time=157.4s
ngram_two_pass val_loss:0.1579 val_bpb:0.0935 eval_time:157370ms
ngram_two_pass_exact val_loss:0.15787679 val_bpb:0.09350378
final_int8_zlib_roundtrip_exact val_loss:0.15787679 val_bpb:0.09350378
