warmup_step:11/20
warmup_step:12/20
warmup_step:13/20
warmup_step:14/20
warmup_step:15/20
warmup_step:16/20
warmup_step:17/20
warmup_step:18/20
warmup_step:19/20
warmup_step:20/20
step:1/9000 train_loss:6.9322 train_time:205ms step_avg:205.43ms
step:2/9000 train_loss:8.6544 train_time:239ms step_avg:119.38ms
step:3/9000 train_loss:7.7580 train_time:319ms step_avg:106.39ms
step:4/9000 train_loss:7.1507 train_time:400ms step_avg:100.03ms
step:5/9000 train_loss:7.1292 train_time:481ms step_avg:96.23ms
step:6/9000 train_loss:7.2163 train_time:562ms step_avg:93.69ms
step:7/9000 train_loss:7.1640 train_time:643ms step_avg:91.84ms
step:8/9000 train_loss:7.0639 train_time:724ms step_avg:90.52ms
step:9/9000 train_loss:6.6371 train_time:807ms step_avg:89.69ms
step:10/9000 train_loss:6.2453 train_time:889ms step_avg:88.87ms
step:500/9000 train_loss:2.3947 train_time:41346ms step_avg:82.69ms
step:1000/9000 train_loss:2.2659 train_time:82999ms step_avg:83.00ms
step:1500/9000 train_loss:2.2111 train_time:124736ms step_avg:83.16ms
step:2000/9000 train_loss:2.0541 train_time:166451ms step_avg:83.23ms
step:2500/9000 train_loss:2.1584 train_time:208117ms step_avg:83.25ms
step:3000/9000 train_loss:2.1484 train_time:249773ms step_avg:83.26ms
step:3500/9000 train_loss:2.1715 train_time:291426ms step_avg:83.26ms
step:4000/9000 train_loss:1.9664 train_time:333066ms step_avg:83.27ms
step:4500/9000 train_loss:2.1168 train_time:374685ms step_avg:83.26ms
step:5000/9000 train_loss:2.1000 train_time:416286ms step_avg:83.26ms
step:5500/9000 train_loss:2.0156 train_time:457952ms step_avg:83.26ms
step:6000/9000 train_loss:1.9407 train_time:499534ms step_avg:83.26ms
step:6500/9000 train_loss:2.0823 train_time:541108ms step_avg:83.25ms
swa:start step:6550
late_qat:enabled step:6680 scale:0.1498
step:7000/9000 train_loss:1.7918 train_time:583327ms step_avg:83.33ms
step:7198/9000 val_loss:1.9225 val_bpb:1.1386 train_time:600051ms step_avg:83.36ms
stopping_early: wallclock_cap train_time:600051ms step:7198/9000
peak memory allocated: 21673 MiB reserved: 21838 MiB
ema:applying EMA weights
DIAGNOSTIC post_ema val_loss:1.9207 val_bpb:1.1376 eval_time:1970ms
Serialized model: 106027446 bytes
Code size: 93628 bytes
Serialized model int6+lzma: 15769472 bytes
Total submission size int6+lzma: 15863100 bytes
final_int6_roundtrip val_loss:1.9343 val_bpb:1.1456 eval_time:19117ms
final_int6_roundtrip_exact val_loss:1.93426203 val_bpb:1.14557893
final_int6_sliding_window val_loss:1.8945 val_bpb:1.1220 stride:64 eval_time:98437ms
final_int6_sliding_window_exact val_loss:1.89448838 val_bpb:1.12202570
final_int8_zlib_roundtrip_exact val_loss:1.89448838 val_bpb:1.12202570
ttt_setup:param_mode=full unfrozen=26928220 frozen=0
ttt:start mode=chunk param_mode=full chunks=1893 chunk_tokens=32768 total_windows=969088 stride=64 ttt_lr=0.002 ttt_epochs=3
ttt_chunk [1/1893] bpb=1.158460 time=0.5s
ttt_chunk [11/1893] bpb=1.147904 time=2.8s
ttt_chunk [21/1893] bpb=1.132720 time=5.0s
ttt_chunk [31/1893] bpb=1.130760 time=7.2s
ttt_chunk [41/1893] bpb=1.117338 time=9.4s
ttt_chunk [51/1893] bpb=1.111659 time=11.7s
ttt_chunk [61/1893] bpb=1.118349 time=13.9s
ttt_chunk [71/1893] bpb=1.116852 time=16.2s
ttt_chunk [81/1893] bpb=1.116287 time=18.4s
ttt_chunk [91/1893] bpb=1.117388 time=20.6s
ttt_chunk [101/1893] bpb=1.120787 time=22.8s
ttt_chunk [111/1893] bpb=1.123164 time=25.1s
ttt_chunk [121/1893] bpb=1.116495 time=27.3s
ttt_chunk [131/1893] bpb=1.116696 time=29.5s
ttt_chunk [141/1893] bpb=1.122448 time=31.7s
ttt_chunk [151/1893] bpb=1.124324 time=34.0s
ttt_chunk [161/1893] bpb=1.124025 time=36.2s
ttt_chunk [171/1893] bpb=1.128430 time=38.5s
ttt_chunk [181/1893] bpb=1.130612 time=40.7s
ttt_chunk [191/1893] bpb=1.137829 time=42.9s
ttt_chunk [201/1893] bpb=1.136585 time=45.2s
ttt_chunk [211/1893] bpb=1.134355 time=47.4s
ttt_chunk [221/1893] bpb=1.135859 time=49.7s
ttt_chunk [231/1893] bpb=1.134544 time=51.9s
ttt_chunk [241/1893] bpb=1.134804 time=54.1s
ttt_chunk [251/1893] bpb=1.134314 time=56.4s
ttt_chunk [261/1893] bpb=1.131444 time=58.6s
ttt_chunk [271/1893] bpb=1.130302 time=60.8s
ttt_chunk [281/1893] bpb=1.131724 time=63.0s
ttt_chunk [291/1893] bpb=1.133518 time=65.3s
ttt_chunk [301/1893] bpb=1.134205 time=67.5s
ttt_chunk [311/1893] bpb=1.136164 time=69.8s
ttt_chunk [321/1893] bpb=1.138037 time=72.0s
ttt_chunk [331/1893] bpb=1.137889 time=74.2s
ttt_chunk [341/1893] bpb=1.136912 time=76.5s
ttt_chunk [351/1893] bpb=1.139202 time=78.7s
ttt_chunk [361/1893] bpb=1.139326 time=80.9s
ttt_chunk [371/1893] bpb=1.138587 time=83.2s
ttt_chunk [381/1893] bpb=1.138794 time=85.4s
ttt_chunk [391/1893] bpb=1.138592 time=87.6s
ttt_chunk [401/1893] bpb=1.136496 time=89.9s
ttt_chunk [411/1893] bpb=1.135282 time=92.1s
ttt_chunk [421/1893] bpb=1.134293 time=94.3s
ttt_chunk [431/1893] bpb=1.134107 time=96.5s
ttt_chunk [441/1893] bpb=1.134421 time=98.8s
ttt_chunk [451/1893] bpb=1.134671 time=101.0s
ttt_chunk [461/1893] bpb=1.133573 time=103.3s
ttt_chunk [471/1893] bpb=1.134167 time=105.5s
ttt_chunk [481/1893] bpb=1.133777 time=107.7s
ttt_chunk [491/1893] bpb=1.132636 time=110.0s
ttt_chunk [501/1893] bpb=1.132132 time=112.2s
ttt_chunk [511/1893] bpb=1.131500 time=114.4s
ttt_chunk [521/1893] bpb=1.129096 time=116.7s
ttt_chunk [531/1893] bpb=1.130258 time=118.9s
ttt_chunk [541/1893] bpb=1.130589 time=121.1s
ttt_chunk [551/1893] bpb=1.129543 time=123.4s
ttt_chunk [561/1893] bpb=1.130056 time=125.6s
ttt_chunk [571/1893] bpb=1.129020 time=127.8s
ttt_chunk [581/1893] bpb=1.128199 time=130.0s
ttt_chunk [591/1893] bpb=1.127548 time=132.2s
ttt_chunk [601/1893] bpb=1.128029 time=134.5s
ttt_chunk [611/1893] bpb=1.127927 time=136.7s
ttt_chunk [621/1893] bpb=1.127785 time=139.0s
ttt_chunk [631/1893] bpb=1.128506 time=141.2s
ttt_chunk [641/1893] bpb=1.128268 time=143.4s
ttt_chunk [651/1893] bpb=1.128378 time=145.7s
ttt_chunk [661/1893] bpb=1.127825 time=147.9s
ttt_chunk [671/1893] bpb=1.128154 time=150.1s
ttt_chunk [681/1893] bpb=1.128839 time=152.3s
ttt_chunk [691/1893] bpb=1.129818 time=154.6s
ttt_chunk [701/1893] bpb=1.129262 time=156.8s
ttt_chunk [711/1893] bpb=1.129247 time=159.1s
ttt_chunk [721/1893] bpb=1.128918 time=161.3s
ttt_chunk [731/1893] bpb=1.128945 time=163.5s
ttt_chunk [741/1893] bpb=1.129004 time=165.7s
ttt_chunk [751/1893] bpb=1.128879 time=168.0s
ttt_chunk [761/1893] bpb=1.128826 time=170.2s
ttt_chunk [771/1893] bpb=1.128518 time=172.4s
ttt_chunk [781/1893] bpb=1.129269 time=174.7s
ttt_chunk [791/1893] bpb=1.128850 time=176.9s
ttt_chunk [801/1893] bpb=1.129159 time=179.1s
ttt_chunk [811/1893] bpb=1.128921 time=181.4s
ttt_chunk [821/1893] bpb=1.128689 time=183.6s
ttt_chunk [831/1893] bpb=1.128505 time=185.8s
ttt_chunk [841/1893] bpb=1.127862 time=188.1s
ttt_chunk [851/1893] bpb=1.127610 time=190.3s
ttt_chunk [861/1893] bpb=1.127346 time=192.5s
ttt_chunk [871/1893] bpb=1.127628 time=194.8s
ttt_chunk [881/1893] bpb=1.127804 time=197.0s
ttt_chunk [891/1893] bpb=1.127383 time=199.2s
ttt_chunk [901/1893] bpb=1.127109 time=201.4s
ttt_chunk [911/1893] bpb=1.127245 time=203.6s
ttt_chunk [921/1893] bpb=1.127730 time=205.9s
ttt_chunk [931/1893] bpb=1.127688 time=208.1s
ttt_chunk [941/1893] bpb=1.127382 time=210.3s
ttt_chunk [951/1893] bpb=1.127771 time=212.6s
ttt_chunk [961/1893] bpb=1.127853 time=214.8s
ttt_chunk [971/1893] bpb=1.128713 time=217.0s
ttt_chunk [981/1893] bpb=1.128786 time=219.3s
ttt_chunk [991/1893] bpb=1.128810 time=221.5s
ttt_chunk [1001/1893] bpb=1.128769 time=223.7s
ttt_chunk [1011/1893] bpb=1.128562 time=226.0s
ttt_chunk [1021/1893] bpb=1.128911 time=228.2s
ttt_chunk [1031/1893] bpb=1.129368 time=230.4s
ttt_chunk [1041/1893] bpb=1.129024 time=232.7s
ttt_chunk [1051/1893] bpb=1.128779 time=234.9s
ttt_chunk [1061/1893] bpb=1.128821 time=237.1s
ttt_chunk [1071/1893] bpb=1.129449 time=239.4s
ttt_chunk [1081/1893] bpb=1.129713 time=241.6s
ttt_chunk [1091/1893] bpb=1.130461 time=243.8s
ttt_chunk [1101/1893] bpb=1.130472 time=246.1s
ttt_chunk [1111/1893] bpb=1.130303 time=248.3s
ttt_chunk [1121/1893] bpb=1.130081 time=250.5s
ttt_chunk [1131/1893] bpb=1.129957 time=252.8s
ttt_chunk [1141/1893] bpb=1.129665 time=255.0s
ttt_chunk [1151/1893] bpb=1.129675 time=257.2s
ttt_chunk [1161/1893] bpb=1.129307 time=259.5s
ttt_chunk [1171/1893] bpb=1.129601 time=261.7s
ttt_chunk [1181/1893] bpb=1.128855 time=263.9s
ttt_chunk [1191/1893] bpb=1.128715 time=266.2s
ttt_chunk [1201/1893] bpb=1.129123 time=268.4s
ttt_chunk [1211/1893] bpb=1.128660 time=270.6s
ttt_chunk [1221/1893] bpb=1.128350 time=272.8s
ttt_chunk [1231/1893] bpb=1.128057 time=275.1s
ttt_chunk [1241/1893] bpb=1.127725 time=277.3s
ttt_chunk [1251/1893] bpb=1.127141 time=279.5s
ttt_chunk [1261/1893] bpb=1.127100 time=281.7s
ttt_chunk [1271/1893] bpb=1.126714 time=283.9s
ttt_chunk [1281/1893] bpb=1.126511 time=286.1s
ttt_chunk [1291/1893] bpb=1.126287 time=288.4s
ttt_chunk [1301/1893] bpb=1.125699 time=290.6s
ttt_chunk [1311/1893] bpb=1.125303 time=292.8s
ttt_chunk [1321/1893] bpb=1.124970 time=295.0s
ttt_chunk [1331/1893] bpb=1.124913 time=297.3s
ttt_chunk [1341/1893] bpb=1.124791 time=299.5s
ttt_chunk [1351/1893] bpb=1.124739 time=301.7s
ttt_chunk [1361/1893] bpb=1.124794 time=303.9s
ttt_chunk [1371/1893] bpb=1.124666 time=306.1s
ttt_chunk [1381/1893] bpb=1.124660 time=308.4s
ttt_chunk [1391/1893] bpb=1.124265 time=310.6s
ttt_chunk [1401/1893] bpb=1.124226 time=312.8s
ttt_chunk [1411/1893] bpb=1.124341 time=315.0s
ttt_chunk [1421/1893] bpb=1.124584 time=317.2s
ttt_chunk [1431/1893] bpb=1.124299 time=319.5s
ttt_chunk [1441/1893] bpb=1.124819 time=321.7s
ttt_chunk [1451/1893] bpb=1.125162 time=323.9s
ttt_chunk [1461/1893] bpb=1.124699 time=326.2s
ttt_chunk [1471/1893] bpb=1.125736 time=328.4s
ttt_chunk [1481/1893] bpb=1.125290 time=330.6s
ttt_chunk [1491/1893] bpb=1.125116 time=332.9s
ttt_chunk [1501/1893] bpb=1.125022 time=335.1s
ttt_chunk [1511/1893] bpb=1.125048 time=337.3s
ttt_chunk [1521/1893] bpb=1.125065 time=339.5s
ttt_chunk [1531/1893] bpb=1.124559 time=341.8s
ttt_chunk [1541/1893] bpb=1.124416 time=344.0s
ttt_chunk [1551/1893] bpb=1.124723 time=346.2s
ttt_chunk [1561/1893] bpb=1.124727 time=348.4s
ttt_chunk [1571/1893] bpb=1.124550 time=350.7s
ttt_chunk [1581/1893] bpb=1.124666 time=352.9s
ttt_chunk [1591/1893] bpb=1.124509 time=355.1s
ttt_chunk [1601/1893] bpb=1.124668 time=357.3s
ttt_chunk [1611/1893] bpb=1.124619 time=359.6s
ttt_chunk [1621/1893] bpb=1.124207 time=361.8s
ttt_chunk [1631/1893] bpb=1.124527 time=364.0s
ttt_chunk [1641/1893] bpb=1.124529 time=366.2s
ttt_chunk [1651/1893] bpb=1.124488 time=368.5s
ttt_chunk [1661/1893] bpb=1.124360 time=370.7s
ttt_chunk [1671/1893] bpb=1.124828 time=373.0s
ttt_chunk [1681/1893] bpb=1.124974 time=375.2s
ttt_chunk [1691/1893] bpb=1.124807 time=377.4s
ttt_chunk [1701/1893] bpb=1.124949 time=379.6s
ttt_chunk [1711/1893] bpb=1.124948 time=381.9s
ttt_chunk [1721/1893] bpb=1.124938 time=384.1s
ttt_chunk [1731/1893] bpb=1.124812 time=386.3s
ttt_chunk [1741/1893] bpb=1.124615 time=388.6s
ttt_chunk [1751/1893] bpb=1.124449 time=390.8s
ttt_chunk [1761/1893] bpb=1.124591 time=393.0s
ttt_chunk [1771/1893] bpb=1.124486 time=395.3s
ttt_chunk [1781/1893] bpb=1.124514 time=397.5s
ttt_chunk [1791/1893] bpb=1.124093 time=399.7s
ttt_chunk [1801/1893] bpb=1.123971 time=401.9s
ttt_chunk [1811/1893] bpb=1.123856 time=404.2s
ttt_chunk [1821/1893] bpb=1.123909 time=406.4s
ttt_chunk [1831/1893] bpb=1.123313 time=408.6s
ttt_chunk [1841/1893] bpb=1.123239 time=410.9s
ttt_chunk [1851/1893] bpb=1.123025 time=413.1s
ttt_chunk [1861/1893] bpb=1.122662 time=415.3s
ttt_chunk [1871/1893] bpb=1.122652 time=417.5s
ttt_chunk [1881/1893] bpb=1.122203 time=419.7s
ttt_chunk [1891/1893] bpb=1.121968 time=422.0s
ttt_chunk [1893/1893] bpb=1.122017 time=422.2s
ttt:done mode=chunk val_loss=1.890964 val_bpb=1.119938 scored_tokens=62023616 adapted_tokens=185991168 elapsed=422.3s
legal_ttt val_loss:1.8910 val_bpb:1.1199 eval_time:422810ms
legal_ttt_exact val_loss:1.89096373 val_bpb:1.11993820