=== FULL RUN (8xGPU, 600s) ===
verified train_shards=80 val_shards=1
verified tokenizer=/tmp/parameter-golf-data/tokenizers/fineweb_1024_bpe.model
Train script: /workspace/parameter-golf/records/track_10min_16mb/2026-03-27_BeatCacheMoney/train_gpt.py
Data path: /tmp/parameter-golf-data/datasets/fineweb10B_sp1024
NGRAM: orders=2-20 buckets=33554432 temp=0.85 loo=1
PHRASE: enabled=0
CALIB: enabled=1 frac=0.05 alpha_grid=0.70,0.80,0.90,0.95,0.99
W0327 19:30:23.779000 1668 torch/distributed/run.py:803] 
W0327 19:30:23.779000 1668 torch/distributed/run.py:803] *****************************************
W0327 19:30:23.779000 1668 torch/distributed/run.py:803] Setting OMP_NUM_THREADS environment variable for each process to be 1 in default, to avoid your system being overloaded, please further tune the variable for optimal performance in your application as needed. 
W0327 19:30:23.779000 1668 torch/distributed/run.py:803] *****************************************
logs/4bcfdde5-c7e4-4bfb-932c-1df365fa8c6c.txt
val_bpb:enabled tokenizer_kind=sentencepiece tokenizer_path=/tmp/parameter-golf-data/tokenizers/fineweb_1024_bpe.model
train_loader:dataset:fineweb10B_sp1024 train_shards:80
val_loader:shards pattern=/tmp/parameter-golf-data/datasets/fineweb10B_sp1024/fineweb_val_*.bin tokens:62021632
model_params:26993756
mtp_num_heads:0 mtp_loss_weight:0.2 mtp_params:0
XSA:last_4 active_layers:[7, 8, 9, 10]
world_size:8 grad_accum_steps:1
sdp_backends:cudnn=False flash=True mem_efficient=False math=False
attention_mode:gqa num_heads:8 num_kv_heads:4
tie_embeddings:True embed_lr:0.035 head_lr:0.0 matrix_lr:0.025 scalar_lr:0.025
activation_mode:leaky_relu_sq neg_slope:0.5 asym_init:0.25 gated_beta_init:1.0
train_batch_tokens:786432 train_seq_len:2048 iterations:20000 warmup_steps:20 max_wallclock_seconds:600.000
seed:1337
warmup_step:1/20
warmup_step:2/20
warmup_step:3/20
warmup_step:4/20
warmup_step:5/20
warmup_step:6/20
warmup_step:7/20
warmup_step:8/20
warmup_step:9/20
warmup_step:10/20
warmup_step:11/20
warmup_step:12/20
warmup_step:13/20
warmup_step:14/20
warmup_step:15/20
warmup_step:16/20
warmup_step:17/20
warmup_step:18/20
warmup_step:19/20
warmup_step:20/20
step:0/20000 val_loss:6.9309 val_bpb:4.1049 train_time:0ms step_avg:0.02ms
step:1/20000 train_loss:6.9317 train_time:133ms step_avg:132.71ms
step:2/20000 train_loss:8.6535 train_time:160ms step_avg:80.06ms
step:3/20000 train_loss:7.6846 train_time:241ms step_avg:80.30ms
step:4/20000 train_loss:7.2552 train_time:323ms step_avg:80.77ms
step:5/20000 train_loss:7.1510 train_time:405ms step_avg:81.07ms
step:6/20000 train_loss:7.1070 train_time:489ms step_avg:81.53ms
step:7/20000 train_loss:6.9990 train_time:571ms step_avg:81.58ms
step:8/20000 train_loss:6.9261 train_time:655ms step_avg:81.85ms
step:9/20000 train_loss:6.5604 train_time:739ms step_avg:82.13ms
step:10/20000 train_loss:6.1615 train_time:820ms step_avg:82.02ms
step:500/20000 train_loss:2.3927 train_time:41857ms step_avg:83.71ms
step:1000/20000 train_loss:2.2624 train_time:83933ms step_avg:83.93ms
step:1500/20000 train_loss:2.2095 train_time:126039ms step_avg:84.03ms
step:2000/20000 train_loss:2.0546 train_time:168172ms step_avg:84.09ms
step:2500/20000 train_loss:2.1547 train_time:210264ms step_avg:84.11ms
step:3000/20000 train_loss:2.1469 train_time:252334ms step_avg:84.11ms
step:3500/20000 train_loss:2.1647 train_time:294394ms step_avg:84.11ms
step:4000/20000 train_loss:1.9624 train_time:336448ms step_avg:84.11ms
step:4000/20000 val_loss:2.0548 val_bpb:1.2170 train_time:336499ms step_avg:84.12ms
step:4500/20000 train_loss:2.1151 train_time:378497ms step_avg:84.11ms
step:5000/20000 train_loss:2.0957 train_time:420536ms step_avg:84.11ms
step:5500/20000 train_loss:2.0109 train_time:462565ms step_avg:84.10ms
step:6000/20000 train_loss:1.9401 train_time:504660ms step_avg:84.11ms
swa:start step:6450
step:6500/20000 train_loss:2.0786 train_time:546792ms step_avg:84.12ms
late_qat:enabled step:6605 scale:0.1500
step:7000/20000 train_loss:1.7844 train_time:589496ms step_avg:84.21ms
step:7123/20000 val_loss:1.9205 val_bpb:1.1374 train_time:600072ms step_avg:84.24ms
stopping_early: wallclock_cap train_time:600072ms step:7123/20000
peak memory allocated: 21482 MiB reserved: 22032 MiB
ema:applying EMA weights
DIAGNOSTIC post_ema val_loss:1.9187 val_bpb:1.1364 eval_time:2005ms
Serialized model: 106158518 bytes
Code size: 127547 bytes
Serialized model int6+lzma: 15933880 bytes
Total submission size int6+lzma: 16061427 bytes
final_int6_roundtrip val_loss:1.9330 val_bpb:1.1448 eval_time:18626ms
final_int6_roundtrip_exact val_loss:1.93297249 val_bpb:1.14481519
final_int6_sliding_window val_loss:1.8931 val_bpb:1.1212 stride:64 eval_time:96694ms
final_int6_sliding_window_exact val_loss:1.89310267 val_bpb:1.12120500
final_int8_zlib_roundtrip_exact val_loss:1.89310267 val_bpb:1.12120500
ngram_two_pass: starting Pass 1 (sliding-window neural eval, T=0.85)
ngram_two_pass: Pass 1 done val_bpb=1.138677 tokens_scored=7754688 time=89.5s
ngram_two_pass: building n-gram cache orders=2-20 buckets=33554432
ngram_two_pass: n-gram cache built in 92.9s
ngram_two_pass: phrase cache built in 0.0s
ngram_two_pass: starting Pass 2 (rescore with calibration)
calibration: tokens=387734 grid=5x4x1 best_alpha_max=0.700 best_entropy_center=3.500 best_phrase_alpha_max=0.995 mean_nll=0.447953
ngram_rescore: ngram_matched=7754688/7754688 (100.0%) phrase_matched=0/7754688 (0.0%) cal_alpha_max=0.700 cal_center=3.5 cal_phrase_max=0.995 loo=1
ngram_two_pass: Pass 2 done val_bpb=0.266099 improvement=0.872578 time=61.7s
ngram_two_pass: total time=244.1s
ngram_two_pass val_loss:0.4493 val_bpb:0.2661 eval_time:244405ms
ngram_two_pass_exact val_loss:0.44929573 val_bpb:0.26609894
final_int8_zlib_roundtrip_exact val_loss:0.44929573 val_bpb:0.26609894
