=== FULL RUN (8xGPU, 600s) ===
verified train_shards=80 val_shards=1
verified tokenizer=/tmp/parameter-golf-data/tokenizers/fineweb_1024_bpe.model
Train script: /workspace/parameter-golf/records/track_10min_16mb/2026-03-27_BeatCacheMoney/train_gpt.py
Data path: /tmp/parameter-golf-data/datasets/fineweb10B_sp1024
NGRAM: orders=2-20 buckets=33554432 temp=0.85 loo=1
PHRASE: enabled=1 lengths=64,56,48,36,28,20,16 buckets=4194304
CALIB: enabled=1 frac=0.05
W0327 17:47:57.010000 3195 torch/distributed/run.py:852] 
W0327 17:47:57.010000 3195 torch/distributed/run.py:852] *****************************************
W0327 17:47:57.010000 3195 torch/distributed/run.py:852] Setting OMP_NUM_THREADS environment variable for each process to be 1 in default, to avoid your system being overloaded, please further tune the variable for optimal performance in your application as needed. 
W0327 17:47:57.010000 3195 torch/distributed/run.py:852] *****************************************
logs/f22bc025-40ac-405e-bd64-568a37f23a10.txt
val_bpb:enabled tokenizer_kind=sentencepiece tokenizer_path=/tmp/parameter-golf-data/tokenizers/fineweb_1024_bpe.model
train_loader:dataset:fineweb10B_sp1024 train_shards:80
val_loader:shards pattern=/tmp/parameter-golf-data/datasets/fineweb10B_sp1024/fineweb_val_*.bin tokens:62021632
model_params:26993756
mtp_num_heads:0 mtp_loss_weight:0.2 mtp_params:0
XSA:last_4 active_layers:[7, 8, 9, 10]
world_size:8 grad_accum_steps:1
sdp_backends:cudnn=False flash=True mem_efficient=False math=False
attention_mode:gqa num_heads:8 num_kv_heads:4
tie_embeddings:True embed_lr:0.035 head_lr:0.0 matrix_lr:0.025 scalar_lr:0.025
activation_mode:leaky_relu_sq neg_slope:0.5 asym_init:0.25 gated_beta_init:1.0
train_batch_tokens:786432 train_seq_len:2048 iterations:20000 warmup_steps:20 max_wallclock_seconds:600.000
seed:1337
warmup_step:1/20
warmup_step:2/20
warmup_step:3/20
warmup_step:4/20
warmup_step:5/20
warmup_step:6/20
warmup_step:7/20
warmup_step:8/20
warmup_step:9/20
warmup_step:10/20
warmup_step:11/20
warmup_step:12/20
warmup_step:13/20
warmup_step:14/20
warmup_step:15/20
warmup_step:16/20
warmup_step:17/20
warmup_step:18/20
warmup_step:19/20
warmup_step:20/20
step:0/20000 val_loss:6.9309 val_bpb:4.1049 train_time:0ms step_avg:0.02ms
step:1/20000 train_loss:6.9317 train_time:139ms step_avg:138.52ms
step:2/20000 train_loss:8.6541 train_time:179ms step_avg:89.52ms
step:3/20000 train_loss:7.6837 train_time:279ms step_avg:92.99ms
step:4/20000 train_loss:7.2531 train_time:379ms step_avg:94.84ms
step:5/20000 train_loss:7.1464 train_time:479ms step_avg:95.85ms
step:6/20000 train_loss:7.1068 train_time:580ms step_avg:96.68ms
step:7/20000 train_loss:7.0022 train_time:681ms step_avg:97.31ms
step:8/20000 train_loss:6.9259 train_time:782ms step_avg:97.69ms
step:9/20000 train_loss:6.5574 train_time:882ms step_avg:98.03ms
step:10/20000 train_loss:6.1646 train_time:983ms step_avg:98.30ms
step:500/20000 train_loss:2.3811 train_time:48329ms step_avg:96.66ms
step:1000/20000 train_loss:2.2623 train_time:96765ms step_avg:96.76ms
step:1500/20000 train_loss:2.2080 train_time:145268ms step_avg:96.85ms
step:2000/20000 train_loss:2.0553 train_time:193842ms step_avg:96.92ms
step:2500/20000 train_loss:2.1564 train_time:242473ms step_avg:96.99ms
step:3000/20000 train_loss:2.1446 train_time:291117ms step_avg:97.04ms
step:3500/20000 train_loss:2.1470 train_time:339756ms step_avg:97.07ms
step:4000/20000 train_loss:1.9393 train_time:388379ms step_avg:97.09ms
step:4000/20000 val_loss:2.0306 val_bpb:1.2027 train_time:388450ms step_avg:97.11ms
step:4500/20000 train_loss:2.0859 train_time:437036ms step_avg:97.12ms
step:5000/20000 train_loss:2.0651 train_time:485672ms step_avg:97.13ms
swa:start step:5500
step:5500/20000 train_loss:1.9757 train_time:534311ms step_avg:97.15ms
late_qat:enabled step:5648 scale:0.1499
step:6000/20000 train_loss:1.8965 train_time:583641ms step_avg:97.27ms
step:6166/20000 val_loss:1.9286 val_bpb:1.1422 train_time:600108ms step_avg:97.33ms
stopping_early: wallclock_cap train_time:600108ms step:6166/20000
peak memory allocated: 22060 MiB reserved: 22128 MiB
ema:applying EMA weights
DIAGNOSTIC post_ema val_loss:1.9270 val_bpb:1.1413 eval_time:2247ms
Serialized model: 106158518 bytes
Code size: 127547 bytes
Serialized model int6+lzma: 15835064 bytes
Total submission size int6+lzma: 15962611 bytes
final_int6_roundtrip val_loss:1.9409 val_bpb:1.1495 eval_time:18897ms
final_int6_roundtrip_exact val_loss:1.94090850 val_bpb:1.14951534
final_int6_sliding_window val_loss:1.9012 val_bpb:1.1260 stride:64 eval_time:107192ms
final_int6_sliding_window_exact val_loss:1.90121053 val_bpb:1.12600694
final_int8_zlib_roundtrip_exact val_loss:1.90121053 val_bpb:1.12600694
ngram_two_pass: starting Pass 1 (sliding-window neural eval, T=0.85)
ngram_two_pass: Pass 1 done val_bpb=1.145060 tokens_scored=7754688 time=93.3s
ngram_two_pass: building n-gram cache orders=2-20 buckets=33554432
ngram_two_pass: n-gram cache built in 84.2s
ngram_two_pass: building phrase cache lengths=[64, 56, 48, 36, 28, 20, 16] buckets=4194304
ngram_two_pass: phrase cache built in 70.0s
ngram_two_pass: starting Pass 2 (rescore with calibration)
calibration: tokens=387734 grid=5x4x4 best_alpha_max=0.900 best_entropy_center=3.500 best_phrase_alpha_max=0.999 mean_nll=0.222491
ngram_rescore: ngram_matched=7754688/7754688 (100.0%) phrase_matched=7754673/7754688 (100.0%) cal_alpha_max=0.900 cal_center=3.5 cal_phrase_max=0.999 loo=1
ngram_two_pass: Pass 2 done val_bpb=0.131622 improvement=1.013437 time=75.5s
ngram_two_pass: total time=323.0s
ngram_two_pass val_loss:0.2222 val_bpb:0.1316 eval_time:323265ms
ngram_two_pass_exact val_loss:0.22223828 val_bpb:0.13162237
final_int8_zlib_roundtrip_exact val_loss:0.22223828 val_bpb:0.13162237
