=== FULL RUN (8xGPU, 600s) ===
verified train_shards=80 val_shards=1
verified tokenizer=/tmp/parameter-golf-data/tokenizers/fineweb_1024_bpe.model
Train script: /workspace/parameter-golf/records/track_10min_16mb/2026-03-27_BeatCacheMoney/train_gpt.py
Data path: /tmp/parameter-golf-data/datasets/fineweb10B_sp1024
NGRAM: orders=2-20 buckets=33554432 temp=1.0 loo=1
PHRASE: enabled=0
CALIB: enabled=1 frac=0.05 alpha_grid=0.70,0.80,0.90,0.95,0.99
W0327 19:50:18.616000 64443 torch/distributed/run.py:803] 
W0327 19:50:18.616000 64443 torch/distributed/run.py:803] *****************************************
W0327 19:50:18.616000 64443 torch/distributed/run.py:803] Setting OMP_NUM_THREADS environment variable for each process to be 1 in default, to avoid your system being overloaded, please further tune the variable for optimal performance in your application as needed. 
W0327 19:50:18.616000 64443 torch/distributed/run.py:803] *****************************************
logs/5b488be9-b7de-424f-b99c-0bf7b6c8525c.txt
val_bpb:enabled tokenizer_kind=sentencepiece tokenizer_path=/tmp/parameter-golf-data/tokenizers/fineweb_1024_bpe.model
train_loader:dataset:fineweb10B_sp1024 train_shards:80
val_loader:shards pattern=/tmp/parameter-golf-data/datasets/fineweb10B_sp1024/fineweb_val_*.bin tokens:62021632
model_params:26993756
mtp_num_heads:0 mtp_loss_weight:0.2 mtp_params:0
XSA:last_4 active_layers:[7, 8, 9, 10]
world_size:8 grad_accum_steps:1
sdp_backends:cudnn=False flash=True mem_efficient=False math=False
attention_mode:gqa num_heads:8 num_kv_heads:4
tie_embeddings:True embed_lr:0.035 head_lr:0.0 matrix_lr:0.025 scalar_lr:0.025
activation_mode:leaky_relu_sq neg_slope:0.5 asym_init:0.25 gated_beta_init:1.0
train_batch_tokens:786432 train_seq_len:2048 iterations:20000 warmup_steps:20 max_wallclock_seconds:600.000
seed:1337
warmup_step:1/20
warmup_step:2/20
warmup_step:3/20
warmup_step:4/20
warmup_step:5/20
warmup_step:6/20
warmup_step:7/20
warmup_step:8/20
warmup_step:9/20
warmup_step:10/20
warmup_step:11/20
warmup_step:12/20
warmup_step:13/20
warmup_step:14/20
warmup_step:15/20
warmup_step:16/20
warmup_step:17/20
warmup_step:18/20
warmup_step:19/20
warmup_step:20/20
step:0/20000 val_loss:6.9309 val_bpb:4.1049 train_time:0ms step_avg:0.01ms
step:1/20000 train_loss:6.9317 train_time:132ms step_avg:132.17ms
step:2/20000 train_loss:8.6535 train_time:162ms step_avg:81.08ms
step:3/20000 train_loss:7.6847 train_time:247ms step_avg:82.21ms
step:4/20000 train_loss:7.2552 train_time:328ms step_avg:82.02ms
step:5/20000 train_loss:7.1510 train_time:412ms step_avg:82.47ms
step:6/20000 train_loss:7.1070 train_time:494ms step_avg:82.35ms
step:7/20000 train_loss:6.9994 train_time:575ms step_avg:82.16ms
step:8/20000 train_loss:6.9265 train_time:657ms step_avg:82.10ms
step:9/20000 train_loss:6.5605 train_time:738ms step_avg:82.02ms
step:10/20000 train_loss:6.1616 train_time:820ms step_avg:82.04ms
step:500/20000 train_loss:2.3886 train_time:41834ms step_avg:83.67ms
step:1000/20000 train_loss:2.2590 train_time:83926ms step_avg:83.93ms
step:1500/20000 train_loss:2.2087 train_time:126084ms step_avg:84.06ms
step:2000/20000 train_loss:2.0535 train_time:168204ms step_avg:84.10ms
step:2500/20000 train_loss:2.1565 train_time:210276ms step_avg:84.11ms
step:3000/20000 train_loss:2.1486 train_time:252324ms step_avg:84.11ms
step:3500/20000 train_loss:2.1679 train_time:294350ms step_avg:84.10ms
step:4000/20000 train_loss:1.9615 train_time:336376ms step_avg:84.09ms
step:4000/20000 val_loss:2.0547 val_bpb:1.2169 train_time:336424ms step_avg:84.11ms
step:4500/20000 train_loss:2.1153 train_time:378383ms step_avg:84.09ms
step:5000/20000 train_loss:2.0954 train_time:420388ms step_avg:84.08ms
step:5500/20000 train_loss:2.0113 train_time:462376ms step_avg:84.07ms
step:6000/20000 train_loss:1.9379 train_time:504369ms step_avg:84.06ms
swa:start step:6450
step:6500/20000 train_loss:2.0784 train_time:546522ms step_avg:84.08ms
late_qat:enabled step:6609 scale:0.1499
step:7000/20000 train_loss:1.7894 train_time:589147ms step_avg:84.16ms
step:7127/20000 val_loss:1.9208 val_bpb:1.1376 train_time:600050ms step_avg:84.19ms
stopping_early: wallclock_cap train_time:600050ms step:7127/20000
peak memory allocated: 21472 MiB reserved: 22004 MiB
ema:applying EMA weights
DIAGNOSTIC post_ema val_loss:1.9191 val_bpb:1.1366 eval_time:2001ms
Serialized model: 106158518 bytes
Code size: 127547 bytes
Serialized model int6+lzma: 15851644 bytes
Total submission size int6+lzma: 15979191 bytes
final_int6_roundtrip val_loss:1.9333 val_bpb:1.1450 eval_time:6513ms
final_int6_roundtrip_exact val_loss:1.93329898 val_bpb:1.14500856
final_int6_sliding_window val_loss:1.8935 val_bpb:1.1215 stride:64 eval_time:74953ms
final_int6_sliding_window_exact val_loss:1.89352681 val_bpb:1.12145620
final_int8_zlib_roundtrip_exact val_loss:1.89352681 val_bpb:1.12145620
ngram_two_pass: starting Pass 1 (sliding-window neural eval, T=1.0)
ngram_two_pass: Pass 1 done val_bpb=1.121456 tokens_scored=7754688 time=89.5s
ngram_two_pass: building n-gram cache orders=2-20 buckets=33554432
ngram_two_pass: n-gram cache built in 89.2s
ngram_two_pass: phrase cache built in 0.0s
ngram_two_pass: starting Pass 2 (rescore with calibration)
calibration: tokens=387734 grid=5x4x1 best_alpha_max=0.700 best_entropy_center=3.500 best_phrase_alpha_max=0.995 mean_nll=0.449446
ngram_rescore: ngram_matched=7754688/7754688 (100.0%) phrase_matched=0/7754688 (0.0%) cal_alpha_max=0.700 cal_center=3.5 cal_phrase_max=0.995 loo=1
ngram_two_pass: Pass 2 done val_bpb=0.267019 improvement=0.854437 time=64.9s
ngram_two_pass: total time=243.6s
ngram_two_pass val_loss:0.4509 val_bpb:0.2670 eval_time:243798ms
ngram_two_pass_exact val_loss:0.45085004 val_bpb:0.26701950
final_int8_zlib_roundtrip_exact val_loss:0.45085004 val_bpb:0.26701950
