=== FULL RUN (8xGPU, 600s) ===
verified train_shards=80 val_shards=1
verified tokenizer=/tmp/parameter-golf-data/tokenizers/fineweb_1024_bpe.model
Train script: /workspace/parameter-golf/records/track_10min_16mb/2026-03-26_PPM_NgramRescore/train_gpt.py
Data path: /tmp/parameter-golf-data/datasets/fineweb10B_sp1024
NGRAM: orders=2-12 buckets=4194304 alpha=[0.05,0.70]
COMPLEMENT: enabled=0 alpha=0.5
W0326 15:23:42.722000 58816 torch/distributed/run.py:803] 
W0326 15:23:42.722000 58816 torch/distributed/run.py:803] *****************************************
W0326 15:23:42.722000 58816 torch/distributed/run.py:803] Setting OMP_NUM_THREADS environment variable for each process to be 1 in default, to avoid your system being overloaded, please further tune the variable for optimal performance in your application as needed. 
W0326 15:23:42.722000 58816 torch/distributed/run.py:803] *****************************************
logs/11730190-e478-4f03-8320-8d8acd48746f.txt
val_bpb:enabled tokenizer_kind=sentencepiece tokenizer_path=/tmp/parameter-golf-data/tokenizers/fineweb_1024_bpe.model
train_loader:dataset:fineweb10B_sp1024 train_shards:80
val_loader:shards pattern=/tmp/parameter-golf-data/datasets/fineweb10B_sp1024/fineweb_val_*.bin tokens:62021632
model_params:26993756
mtp_num_heads:0 mtp_loss_weight:0.2 mtp_params:0
XSA:last_4 active_layers:[7, 8, 9, 10]
world_size:8 grad_accum_steps:1
sdp_backends:cudnn=False flash=True mem_efficient=False math=False
attention_mode:gqa num_heads:8 num_kv_heads:4
tie_embeddings:True embed_lr:0.035 head_lr:0.0 matrix_lr:0.025 scalar_lr:0.025
activation_mode:leaky_relu_sq neg_slope:0.5 asym_init:0.25 gated_beta_init:1.0
train_batch_tokens:786432 train_seq_len:2048 iterations:20000 warmup_steps:20 max_wallclock_seconds:600.000
seed:1337
warmup_step:1/20
warmup_step:2/20
warmup_step:3/20
warmup_step:4/20
warmup_step:5/20
warmup_step:6/20
warmup_step:7/20
warmup_step:8/20
warmup_step:9/20
warmup_step:10/20
warmup_step:11/20
warmup_step:12/20
warmup_step:13/20
warmup_step:14/20
warmup_step:15/20
warmup_step:16/20
warmup_step:17/20
warmup_step:18/20
warmup_step:19/20
warmup_step:20/20
step:0/20000 val_loss:6.9309 val_bpb:4.1049 train_time:0ms step_avg:0.01ms
step:1/20000 train_loss:6.9317 train_time:132ms step_avg:131.96ms
step:2/20000 train_loss:8.6535 train_time:167ms step_avg:83.59ms
step:3/20000 train_loss:7.6846 train_time:248ms step_avg:82.67ms
step:4/20000 train_loss:7.2552 train_time:330ms step_avg:82.61ms
step:5/20000 train_loss:7.1509 train_time:412ms step_avg:82.36ms
step:6/20000 train_loss:7.1070 train_time:493ms step_avg:82.20ms
step:7/20000 train_loss:6.9994 train_time:574ms step_avg:82.02ms
step:8/20000 train_loss:6.9264 train_time:655ms step_avg:81.94ms
step:9/20000 train_loss:6.5606 train_time:737ms step_avg:81.87ms
step:10/20000 train_loss:6.1615 train_time:818ms step_avg:81.82ms
step:500/20000 train_loss:2.3847 train_time:41793ms step_avg:83.59ms
step:1000/20000 train_loss:2.2661 train_time:83850ms step_avg:83.85ms
step:1500/20000 train_loss:2.2081 train_time:125966ms step_avg:83.98ms
step:2000/20000 train_loss:2.0512 train_time:168064ms step_avg:84.03ms
step:2500/20000 train_loss:2.1560 train_time:210139ms step_avg:84.06ms
step:3000/20000 train_loss:2.1500 train_time:252216ms step_avg:84.07ms
step:3500/20000 train_loss:2.1711 train_time:294253ms step_avg:84.07ms
step:4000/20000 train_loss:1.9668 train_time:336361ms step_avg:84.09ms
step:4000/20000 val_loss:2.0561 val_bpb:1.2177 train_time:336412ms step_avg:84.10ms
step:4500/20000 train_loss:2.1181 train_time:378386ms step_avg:84.09ms
step:5000/20000 train_loss:2.0947 train_time:420393ms step_avg:84.08ms
step:5500/20000 train_loss:2.0109 train_time:462399ms step_avg:84.07ms
step:6000/20000 train_loss:1.9357 train_time:504401ms step_avg:84.07ms
swa:start step:6450
step:6500/20000 train_loss:2.0777 train_time:546489ms step_avg:84.08ms
late_qat:enabled step:6610 scale:0.1497
step:7000/20000 train_loss:1.7850 train_time:589123ms step_avg:84.16ms
step:7128/20000 val_loss:1.9210 val_bpb:1.1377 train_time:600121ms step_avg:84.19ms
stopping_early: wallclock_cap train_time:600121ms step:7128/20000
peak memory allocated: 21472 MiB reserved: 22004 MiB
ema:applying EMA weights
DIAGNOSTIC post_ema val_loss:1.9193 val_bpb:1.1367 eval_time:1991ms
Serialized model: 106158518 bytes
Code size: 113333 bytes
Serialized model int6+lzma: 15840056 bytes
Total submission size int6+lzma: 15953389 bytes
final_int6_roundtrip val_loss:1.9333 val_bpb:1.1450 eval_time:6375ms
final_int6_roundtrip_exact val_loss:1.93325146 val_bpb:1.14498041
final_int6_sliding_window val_loss:1.8936 val_bpb:1.1215 stride:64 eval_time:74984ms
final_int6_sliding_window_exact val_loss:1.89356608 val_bpb:1.12147946
final_int8_zlib_roundtrip_exact val_loss:1.89356608 val_bpb:1.12147946
ngram_two_pass: starting Pass 1 (sliding-window neural eval)
ngram_two_pass: Pass 1 done val_bpb=1.121479 tokens_scored=7754688 time=89.0s
ngram_two_pass: building cache orders=2-12 buckets=4194304
ngram_two_pass: cache built in 33.2s
ngram_two_pass: starting Pass 2 (n-gram rescore)
ngram_rescore: matched=7754688/7754688 (100.0%) mean_alpha=0.820
ngram_two_pass: Pass 2 done val_bpb=0.093555 improvement=1.027925 time=37.2s
ngram_two_pass: total time=159.4s
ngram_two_pass val_loss:0.1580 val_bpb:0.0936 eval_time:159358ms
ngram_two_pass_exact val_loss:0.15796279 val_bpb:0.09355471
final_int8_zlib_roundtrip_exact val_loss:0.15796279 val_bpb:0.09355471
