
*****************************************
Setting OMP_NUM_THREADS environment variable for each process to be 1 in default, to avoid your system being overloaded, please further tune the variable for optimal performance in your application as needed. 
*****************************************
logs/streamttt_chunk_midlate.txt
val_bpb:enabled tokenizer_kind=sentencepiece tokenizer_path=/tmp/parameter-golf-data/tokenizers/fineweb_1024_bpe.model
train_loader:dataset:fineweb10B_sp1024 train_shards:80
val_loader:shards pattern=/tmp/parameter-golf-data/datasets/fineweb10B_sp1024/fineweb_val_*.bin tokens:62021632
model_params:26928220
mtp_num_heads:0 mtp_loss_weight:0.2 mtp_params:0
XSA:last_4 active_layers:[7, 8, 9, 10]
world_size:8 grad_accum_steps:1
sdp_backends:cudnn=False flash=True mem_efficient=False math=False
attention_mode:gqa num_heads:8 num_kv_heads:4
tie_embeddings:True embed_lr:0.035 head_lr:0.0 matrix_lr:0.025 scalar_lr:0.025
activation_mode:leaky_relu_sq neg_slope:0.5 asym_init:0.25 gated_beta_init:1.0
train_batch_tokens:786432 train_seq_len:2048 iterations:9000 warmup_steps:20 max_wallclock_seconds:600.000
seed:1337
warmup_step:1/20
warmup_step:2/20
warmup_step:3/20
warmup_step:4/20
warmup_step:5/20
warmup_step:6/20
warmup_step:7/20
warmup_step:8/20
warmup_step:9/20
warmup_step:10/20
warmup_step:11/20
warmup_step:12/20
warmup_step:13/20
warmup_step:14/20
warmup_step:15/20
warmup_step:16/20
warmup_step:17/20
warmup_step:18/20
warmup_step:19/20
warmup_step:20/20
step:1/9000 train_loss:6.9322 train_time:134ms step_avg:134.24ms
step:2/9000 train_loss:8.6544 train_time:166ms step_avg:82.93ms
step:3/9000 train_loss:7.6926 train_time:246ms step_avg:82.14ms
step:4/9000 train_loss:7.2519 train_time:328ms step_avg:81.94ms
step:5/9000 train_loss:7.1704 train_time:409ms step_avg:81.72ms
step:6/9000 train_loss:7.1162 train_time:490ms step_avg:81.59ms
step:7/9000 train_loss:7.0266 train_time:574ms step_avg:82.00ms
step:8/9000 train_loss:6.9596 train_time:655ms step_avg:81.90ms
step:9/9000 train_loss:6.5745 train_time:737ms step_avg:81.84ms
step:10/9000 train_loss:6.2002 train_time:814ms step_avg:81.37ms
step:500/9000 train_loss:2.4000 train_time:41325ms step_avg:82.65ms
step:1000/9000 train_loss:2.2663 train_time:82938ms step_avg:82.94ms
step:1500/9000 train_loss:2.2112 train_time:124608ms step_avg:83.07ms
step:2000/9000 train_loss:2.0553 train_time:166285ms step_avg:83.14ms
step:2500/9000 train_loss:2.1575 train_time:207953ms step_avg:83.18ms
step:3000/9000 train_loss:2.1494 train_time:249599ms step_avg:83.20ms
step:3500/9000 train_loss:2.1697 train_time:291220ms step_avg:83.21ms
step:4000/9000 train_loss:1.9648 train_time:332828ms step_avg:83.21ms
step:4500/9000 train_loss:2.1177 train_time:374429ms step_avg:83.21ms
step:5000/9000 train_loss:2.1021 train_time:416015ms step_avg:83.20ms
step:5500/9000 train_loss:2.0149 train_time:457691ms step_avg:83.22ms
step:6000/9000 train_loss:1.9410 train_time:499248ms step_avg:83.21ms
step:6500/9000 train_loss:2.0824 train_time:540823ms step_avg:83.20ms
swa:start step:6550
late_qat:enabled step:6683 scale:0.1500
step:7000/9000 train_loss:1.7911 train_time:583016ms step_avg:83.29ms
step:7201/9000 val_loss:1.9218 val_bpb:1.1382 train_time:600048ms step_avg:83.33ms
stopping_early: wallclock_cap train_time:600048ms step:7201/9000
peak memory allocated: 21673 MiB reserved: 21838 MiB
ema:applying EMA weights
DIAGNOSTIC post_ema val_loss:1.9201 val_bpb:1.1372 eval_time:1967ms
Serialized model: 106027446 bytes
Code size: 101775 bytes
Serialized model int6+lzma: 15889312 bytes
Total submission size int6+lzma: 15991087 bytes
final_int6_roundtrip val_loss:1.9338 val_bpb:1.1453 eval_time:18232ms
final_int6_roundtrip_exact val_loss:1.93376830 val_bpb:1.14528651
final_int6_sliding_window val_loss:1.8942 val_bpb:1.1219 stride:64 eval_time:97224ms
final_int6_sliding_window_exact val_loss:1.89420270 val_bpb:1.12185651
final_int8_zlib_roundtrip_exact val_loss:1.89420270 val_bpb:1.12185651
ttt_setup:param_mode=block_range:4-11 unfrozen=25966648 frozen=961572
ttt:start mode=chunk param_mode=block_range:4-11 chunks=1893 chunk_tokens=32768 total_windows=969088 stride=64 ttt_lr=0.002 ttt_epochs=3
  ttt_chunk [1/1893] bpb=1.159173 time=0.4s
  ttt_chunk [11/1893] bpb=1.146564 time=2.6s
  ttt_chunk [21/1893] bpb=1.131345 time=4.8s
  ttt_chunk [31/1893] bpb=1.129868 time=7.0s
  ttt_chunk [41/1893] bpb=1.116229 time=9.2s
  ttt_chunk [51/1893] bpb=1.111093 time=11.4s
  ttt_chunk [61/1893] bpb=1.117906 time=13.6s
  ttt_chunk [71/1893] bpb=1.116163 time=15.8s
  ttt_chunk [81/1893] bpb=1.115359 time=18.0s
  ttt_chunk [91/1893] bpb=1.116388 time=20.2s
  ttt_chunk [101/1893] bpb=1.120029 time=22.4s
  ttt_chunk [111/1893] bpb=1.122497 time=24.6s
  ttt_chunk [121/1893] bpb=1.115976 time=26.8s
  ttt_chunk [131/1893] bpb=1.116338 time=29.0s
  ttt_chunk [141/1893] bpb=1.121927 time=31.2s
  ttt_chunk [151/1893] bpb=1.123799 time=33.4s
  ttt_chunk [161/1893] bpb=1.123331 time=35.6s
  ttt_chunk [171/1893] bpb=1.127736 time=37.7s
  ttt_chunk [181/1893] bpb=1.130000 time=39.9s
  ttt_chunk [191/1893] bpb=1.137376 time=42.1s
  ttt_chunk [201/1893] bpb=1.136028 time=44.3s
  ttt_chunk [211/1893] bpb=1.133797 time=46.5s
  ttt_chunk [221/1893] bpb=1.135266 time=48.7s
  ttt_chunk [231/1893] bpb=1.133996 time=50.9s
  ttt_chunk [241/1893] bpb=1.134307 time=53.1s
  ttt_chunk [251/1893] bpb=1.133770 time=55.3s
  ttt_chunk [261/1893] bpb=1.130867 time=57.5s
  ttt_chunk [271/1893] bpb=1.129738 time=59.7s
  ttt_chunk [281/1893] bpb=1.131164 time=61.8s
  ttt_chunk [291/1893] bpb=1.132832 time=64.0s
  ttt_chunk [301/1893] bpb=1.133469 time=66.2s
  ttt_chunk [311/1893] bpb=1.135524 time=68.4s
  ttt_chunk [321/1893] bpb=1.137393 time=70.6s
  ttt_chunk [331/1893] bpb=1.137290 time=72.8s
  ttt_chunk [341/1893] bpb=1.136248 time=75.0s
  ttt_chunk [351/1893] bpb=1.138557 time=77.2s
  ttt_chunk [361/1893] bpb=1.138767 time=79.3s
  ttt_chunk [371/1893] bpb=1.138080 time=81.5s
  ttt_chunk [381/1893] bpb=1.138261 time=83.7s
  ttt_chunk [391/1893] bpb=1.138062 time=85.9s
  ttt_chunk [401/1893] bpb=1.135976 time=88.1s
  ttt_chunk [411/1893] bpb=1.134814 time=90.3s
  ttt_chunk [421/1893] bpb=1.133859 time=92.5s
  ttt_chunk [431/1893] bpb=1.133727 time=94.7s
  ttt_chunk [441/1893] bpb=1.134134 time=96.9s
  ttt_chunk [451/1893] bpb=1.134438 time=99.0s
  ttt_chunk [461/1893] bpb=1.133319 time=101.2s
  ttt_chunk [471/1893] bpb=1.133933 time=103.4s
  ttt_chunk [481/1893] bpb=1.133563 time=105.6s
  ttt_chunk [491/1893] bpb=1.132477 time=107.8s
  ttt_chunk [501/1893] bpb=1.131982 time=110.0s
  ttt_chunk [511/1893] bpb=1.131274 time=112.2s
  ttt_chunk [521/1893] bpb=1.128855 time=114.4s
  ttt_chunk [531/1893] bpb=1.130004 time=116.6s
  ttt_chunk [541/1893] bpb=1.130335 time=118.8s
  ttt_chunk [551/1893] bpb=1.129306 time=121.0s
  ttt_chunk [561/1893] bpb=1.129820 time=123.1s
  ttt_chunk [571/1893] bpb=1.128745 time=125.3s
  ttt_chunk [581/1893] bpb=1.127923 time=127.5s
  ttt_chunk [591/1893] bpb=1.127268 time=129.7s
  ttt_chunk [601/1893] bpb=1.127747 time=131.9s
  ttt_chunk [611/1893] bpb=1.127661 time=134.1s
  ttt_chunk [621/1893] bpb=1.127503 time=136.3s
  ttt_chunk [631/1893] bpb=1.128179 time=138.5s
  ttt_chunk [641/1893] bpb=1.127940 time=140.6s
  ttt_chunk [651/1893] bpb=1.128031 time=142.8s
  ttt_chunk [661/1893] bpb=1.127496 time=145.0s
  ttt_chunk [671/1893] bpb=1.127829 time=147.2s
  ttt_chunk [681/1893] bpb=1.128537 time=149.4s
  ttt_chunk [691/1893] bpb=1.129554 time=151.6s
  ttt_chunk [701/1893] bpb=1.128987 time=153.8s
  ttt_chunk [711/1893] bpb=1.128977 time=155.9s
  ttt_chunk [721/1893] bpb=1.128653 time=158.1s
  ttt_chunk [731/1893] bpb=1.128690 time=160.3s
  ttt_chunk [741/1893] bpb=1.128813 time=162.5s
  ttt_chunk [751/1893] bpb=1.128619 time=164.7s
  ttt_chunk [761/1893] bpb=1.128561 time=166.9s
  ttt_chunk [771/1893] bpb=1.128253 time=169.1s
  ttt_chunk [781/1893] bpb=1.129034 time=171.2s
  ttt_chunk [791/1893] bpb=1.128642 time=173.4s
  ttt_chunk [801/1893] bpb=1.128935 time=175.6s
  ttt_chunk [811/1893] bpb=1.128707 time=177.8s
  ttt_chunk [821/1893] bpb=1.128509 time=180.0s
  ttt_chunk [831/1893] bpb=1.128344 time=182.2s
  ttt_chunk [841/1893] bpb=1.127716 time=184.4s
  ttt_chunk [851/1893] bpb=1.127461 time=186.6s
  ttt_chunk [861/1893] bpb=1.127231 time=188.8s
  ttt_chunk [871/1893] bpb=1.127495 time=191.0s
  ttt_chunk [881/1893] bpb=1.127675 time=193.1s
  ttt_chunk [891/1893] bpb=1.127222 time=195.3s
  ttt_chunk [901/1893] bpb=1.126972 time=197.5s
  ttt_chunk [911/1893] bpb=1.127107 time=199.7s
  ttt_chunk [921/1893] bpb=1.127594 time=201.9s
  ttt_chunk [931/1893] bpb=1.127588 time=204.1s
  ttt_chunk [941/1893] bpb=1.127293 time=206.3s
  ttt_chunk [951/1893] bpb=1.127664 time=208.5s
  ttt_chunk [961/1893] bpb=1.127740 time=210.7s
  ttt_chunk [971/1893] bpb=1.128583 time=212.9s
  ttt_chunk [981/1893] bpb=1.128660 time=215.0s
  ttt_chunk [991/1893] bpb=1.128652 time=217.2s
  ttt_chunk [1001/1893] bpb=1.128606 time=219.4s
  ttt_chunk [1011/1893] bpb=1.128409 time=221.6s
  ttt_chunk [1021/1893] bpb=1.128746 time=223.8s
  ttt_chunk [1031/1893] bpb=1.129189 time=226.0s
  ttt_chunk [1041/1893] bpb=1.128856 time=228.2s
  ttt_chunk [1051/1893] bpb=1.128599 time=230.4s
  ttt_chunk [1061/1893] bpb=1.128642 time=232.6s
  ttt_chunk [1071/1893] bpb=1.129259 time=234.8s
  ttt_chunk [1081/1893] bpb=1.129527 time=237.0s
  ttt_chunk [1091/1893] bpb=1.130261 time=239.2s
  ttt_chunk [1101/1893] bpb=1.130287 time=241.4s
  ttt_chunk [1111/1893] bpb=1.130133 time=243.6s
  ttt_chunk [1121/1893] bpb=1.129908 time=245.8s
  ttt_chunk [1131/1893] bpb=1.129807 time=248.0s
  ttt_chunk [1141/1893] bpb=1.129520 time=250.2s
  ttt_chunk [1151/1893] bpb=1.129526 time=252.3s
  ttt_chunk [1161/1893] bpb=1.129131 time=254.5s
  ttt_chunk [1171/1893] bpb=1.129465 time=256.7s
  ttt_chunk [1181/1893] bpb=1.128702 time=258.9s
  ttt_chunk [1191/1893] bpb=1.128546 time=261.1s
  ttt_chunk [1201/1893] bpb=1.128966 time=263.4s
  ttt_chunk [1211/1893] bpb=1.128506 time=265.6s
  ttt_chunk [1221/1893] bpb=1.128213 time=267.8s
  ttt_chunk [1231/1893] bpb=1.127926 time=270.0s
  ttt_chunk [1241/1893] bpb=1.127589 time=272.2s
  ttt_chunk [1251/1893] bpb=1.127010 time=274.3s
  ttt_chunk [1261/1893] bpb=1.126985 time=276.5s
  ttt_chunk [1271/1893] bpb=1.126619 time=278.7s
  ttt_chunk [1281/1893] bpb=1.126413 time=280.9s
  ttt_chunk [1291/1893] bpb=1.126192 time=283.1s
  ttt_chunk [1301/1893] bpb=1.125596 time=285.3s
  ttt_chunk [1311/1893] bpb=1.125181 time=287.5s
  ttt_chunk [1321/1893] bpb=1.124850 time=289.7s
  ttt_chunk [1331/1893] bpb=1.124777 time=291.9s
  ttt_chunk [1341/1893] bpb=1.124643 time=294.1s
  ttt_chunk [1351/1893] bpb=1.124561 time=296.3s
  ttt_chunk [1361/1893] bpb=1.124625 time=298.4s
  ttt_chunk [1371/1893] bpb=1.124494 time=300.6s
  ttt_chunk [1381/1893] bpb=1.124504 time=302.8s
  ttt_chunk [1391/1893] bpb=1.124089 time=305.0s
  ttt_chunk [1401/1893] bpb=1.124062 time=307.2s
  ttt_chunk [1411/1893] bpb=1.124195 time=309.4s
  ttt_chunk [1421/1893] bpb=1.124449 time=311.6s
  ttt_chunk [1431/1893] bpb=1.124167 time=313.8s
  ttt_chunk [1441/1893] bpb=1.124669 time=316.0s
  ttt_chunk [1451/1893] bpb=1.124998 time=318.2s
  ttt_chunk [1461/1893] bpb=1.124546 time=320.4s
  ttt_chunk [1471/1893] bpb=1.125572 time=322.5s
  ttt_chunk [1481/1893] bpb=1.125121 time=324.7s
  ttt_chunk [1491/1893] bpb=1.124960 time=326.9s
  ttt_chunk [1501/1893] bpb=1.124889 time=329.1s
  ttt_chunk [1511/1893] bpb=1.124926 time=331.3s
  ttt_chunk [1521/1893] bpb=1.124957 time=333.5s
  ttt_chunk [1531/1893] bpb=1.124461 time=335.7s
  ttt_chunk [1541/1893] bpb=1.124321 time=337.9s
  ttt_chunk [1551/1893] bpb=1.124651 time=340.1s
  ttt_chunk [1561/1893] bpb=1.124662 time=342.2s
  ttt_chunk [1571/1893] bpb=1.124496 time=344.4s
  ttt_chunk [1581/1893] bpb=1.124616 time=346.6s
  ttt_chunk [1591/1893] bpb=1.124460 time=348.8s
  ttt_chunk [1601/1893] bpb=1.124633 time=351.0s
  ttt_chunk [1611/1893] bpb=1.124570 time=353.1s
  ttt_chunk [1621/1893] bpb=1.124157 time=355.3s
  ttt_chunk [1631/1893] bpb=1.124466 time=357.5s
  ttt_chunk [1641/1893] bpb=1.124453 time=359.7s
  ttt_chunk [1651/1893] bpb=1.124407 time=361.9s
  ttt_chunk [1661/1893] bpb=1.124297 time=364.1s
  ttt_chunk [1671/1893] bpb=1.124773 time=366.3s
  ttt_chunk [1681/1893] bpb=1.124917 time=368.5s
  ttt_chunk [1691/1893] bpb=1.124751 time=370.7s
  ttt_chunk [1701/1893] bpb=1.124915 time=372.8s
  ttt_chunk [1711/1893] bpb=1.124913 time=375.0s
  ttt_chunk [1721/1893] bpb=1.124908 time=377.2s
  ttt_chunk [1731/1893] bpb=1.124785 time=379.4s
  ttt_chunk [1741/1893] bpb=1.124590 time=381.6s
  ttt_chunk [1751/1893] bpb=1.124424 time=383.7s
  ttt_chunk [1761/1893] bpb=1.124565 time=385.9s
  ttt_chunk [1771/1893] bpb=1.124472 time=388.1s
  ttt_chunk [1781/1893] bpb=1.124507 time=390.3s
  ttt_chunk [1791/1893] bpb=1.124103 time=392.4s
  ttt_chunk [1801/1893] bpb=1.123983 time=394.6s
  ttt_chunk [1811/1893] bpb=1.123870 time=396.8s
  ttt_chunk [1821/1893] bpb=1.123920 time=399.0s
  ttt_chunk [1831/1893] bpb=1.123318 time=401.1s
  ttt_chunk [1841/1893] bpb=1.123249 time=403.3s
  ttt_chunk [1851/1893] bpb=1.123037 time=405.6s
  ttt_chunk [1861/1893] bpb=1.122666 time=407.8s
  ttt_chunk [1871/1893] bpb=1.122664 time=410.0s
  ttt_chunk [1881/1893] bpb=1.122211 time=412.2s
  ttt_chunk [1891/1893] bpb=1.121967 time=414.4s
  ttt_chunk [1893/1893] bpb=1.122014 time=414.7s
ttt:done mode=chunk val_loss=1.890995 val_bpb=1.119957 scored_tokens=62023616 adapted_tokens=185991168 elapsed=414.7s
legal_ttt val_loss:1.8910 val_bpb:1.1200 eval_time:415265ms
legal_ttt_exact val_loss:1.89099514 val_bpb:1.11995680
