
*****************************************
Setting OMP_NUM_THREADS environment variable for each process to be 1 in default, to avoid your system being overloaded, please further tune the variable for optimal performance in your application as needed. 
*****************************************
logs/tm0054_legal_ttt_full_seed2026.txt
val_bpb:enabled tokenizer_kind=tokenmonster tokenizer_path=/tmp/parameter-golf-tm0054-competition-full/tm0054_competition_export/tokenizers/candidate.vocab tokenizer_meta_path=/tmp/parameter-golf-tm0054-competition-full/tm0054_competition_export/tokenizers/candidate.meta.npz
train_loader:dataset:fineweb10B_tm0054 train_shards:79
val_loader:shards pattern=/tmp/parameter-golf-tm0054-competition-full/tm0054_competition_export/datasets/fineweb10B_tm0054/fineweb_val_*.bin tokens:61020160
model_params:26911580
mtp_num_heads:0 mtp_loss_weight:0.2 mtp_params:0
XSA:last_4 active_layers:[7, 8, 9, 10]
world_size:8 grad_accum_steps:1
sdp_backends:cudnn=False flash=True mem_efficient=False math=False
attention_mode:gqa num_heads:8 num_kv_heads:4
tie_embeddings:True embed_lr:0.035 head_lr:0.0 matrix_lr:0.025 scalar_lr:0.025
activation_mode:leaky_relu_sq neg_slope:0.5 asym_init:0.25 gated_beta_init:1.0
train_batch_tokens:786432 train_seq_len:2048 iterations:9000 warmup_steps:20 max_wallclock_seconds:600.000
seed:2026
warmup_step:1/20
warmup_step:2/20
warmup_step:3/20
warmup_step:4/20
warmup_step:5/20
warmup_step:6/20
warmup_step:7/20
warmup_step:8/20
warmup_step:9/20
warmup_step:10/20
warmup_step:11/20
warmup_step:12/20
warmup_step:13/20
warmup_step:14/20
warmup_step:15/20
warmup_step:16/20
warmup_step:17/20
warmup_step:18/20
warmup_step:19/20
warmup_step:20/20
step:1/9000 train_loss:6.8943 train_time:178ms step_avg:177.97ms
step:2/9000 train_loss:9.1164 train_time:207ms step_avg:103.68ms
step:3/9000 train_loss:8.7900 train_time:288ms step_avg:96.07ms
step:4/9000 train_loss:8.3765 train_time:370ms step_avg:92.58ms
step:5/9000 train_loss:7.9653 train_time:454ms step_avg:90.71ms
step:6/9000 train_loss:7.5898 train_time:537ms step_avg:89.42ms
step:7/9000 train_loss:7.2258 train_time:622ms step_avg:88.79ms
step:8/9000 train_loss:6.8996 train_time:705ms step_avg:88.16ms
step:9/9000 train_loss:6.6157 train_time:787ms step_avg:87.49ms
step:10/9000 train_loss:6.4672 train_time:872ms step_avg:87.21ms
step:50/9000 train_loss:3.9924 train_time:4209ms step_avg:84.18ms
step:100/9000 train_loss:3.2550 train_time:8381ms step_avg:83.81ms
step:150/9000 train_loss:2.9666 train_time:12626ms step_avg:84.17ms
step:200/9000 train_loss:2.8095 train_time:16812ms step_avg:84.06ms
step:250/9000 train_loss:2.5214 train_time:21004ms step_avg:84.02ms
step:300/9000 train_loss:2.5025 train_time:25247ms step_avg:84.16ms
step:350/9000 train_loss:2.3606 train_time:29439ms step_avg:84.11ms
step:400/9000 train_loss:2.4753 train_time:33687ms step_avg:84.22ms
step:450/9000 train_loss:2.4010 train_time:37882ms step_avg:84.18ms
step:500/9000 train_loss:2.3306 train_time:42083ms step_avg:84.17ms
step:550/9000 train_loss:2.4264 train_time:46348ms step_avg:84.27ms
step:600/9000 train_loss:2.3739 train_time:50550ms step_avg:84.25ms
step:650/9000 train_loss:2.4754 train_time:54817ms step_avg:84.33ms
step:700/9000 train_loss:2.2959 train_time:59029ms step_avg:84.33ms
step:750/9000 train_loss:2.3130 train_time:63242ms step_avg:84.32ms
step:800/9000 train_loss:2.3867 train_time:67518ms step_avg:84.40ms
step:850/9000 train_loss:2.3287 train_time:71728ms step_avg:84.39ms
step:900/9000 train_loss:2.1767 train_time:75994ms step_avg:84.44ms
step:950/9000 train_loss:2.3250 train_time:80216ms step_avg:84.44ms
step:1000/9000 train_loss:2.2106 train_time:84425ms step_avg:84.43ms
step:1050/9000 train_loss:2.1388 train_time:88689ms step_avg:84.47ms
step:1100/9000 train_loss:2.2481 train_time:92898ms step_avg:84.45ms
step:1150/9000 train_loss:2.3038 train_time:97173ms step_avg:84.50ms
step:1200/9000 train_loss:2.2263 train_time:101389ms step_avg:84.49ms
step:1250/9000 train_loss:2.2078 train_time:105597ms step_avg:84.48ms
step:1300/9000 train_loss:2.3052 train_time:109868ms step_avg:84.51ms
step:1350/9000 train_loss:2.2582 train_time:114086ms step_avg:84.51ms
step:1400/9000 train_loss:2.1905 train_time:118352ms step_avg:84.54ms
step:1450/9000 train_loss:2.1921 train_time:122561ms step_avg:84.52ms
step:1500/9000 train_loss:2.1773 train_time:126775ms step_avg:84.52ms
step:1550/9000 train_loss:2.2366 train_time:131044ms step_avg:84.54ms
step:1600/9000 train_loss:2.3133 train_time:135253ms step_avg:84.53ms
step:1650/9000 train_loss:2.2826 train_time:139463ms step_avg:84.52ms
step:1700/9000 train_loss:2.1782 train_time:143736ms step_avg:84.55ms
step:1750/9000 train_loss:2.2636 train_time:147940ms step_avg:84.54ms
step:1800/9000 train_loss:2.1782 train_time:152209ms step_avg:84.56ms
step:1850/9000 train_loss:2.3930 train_time:156427ms step_avg:84.55ms
step:1900/9000 train_loss:2.0828 train_time:160633ms step_avg:84.54ms
step:1950/9000 train_loss:2.1483 train_time:164904ms step_avg:84.57ms
step:2000/9000 train_loss:2.2095 train_time:169118ms step_avg:84.56ms
step:2050/9000 train_loss:2.0608 train_time:173395ms step_avg:84.58ms
step:2100/9000 train_loss:2.1754 train_time:177601ms step_avg:84.57ms
step:2150/9000 train_loss:2.0523 train_time:181807ms step_avg:84.56ms
step:2200/9000 train_loss:2.0676 train_time:186076ms step_avg:84.58ms
step:2250/9000 train_loss:2.1734 train_time:190280ms step_avg:84.57ms
step:2300/9000 train_loss:2.2498 train_time:194540ms step_avg:84.58ms
step:2350/9000 train_loss:2.1355 train_time:198754ms step_avg:84.58ms
step:2400/9000 train_loss:2.1346 train_time:202954ms step_avg:84.56ms
step:2450/9000 train_loss:2.3184 train_time:207219ms step_avg:84.58ms
step:2500/9000 train_loss:2.0380 train_time:211431ms step_avg:84.57ms
step:2550/9000 train_loss:2.1408 train_time:215691ms step_avg:84.58ms
step:2600/9000 train_loss:2.0400 train_time:219896ms step_avg:84.58ms
step:2650/9000 train_loss:2.0861 train_time:224100ms step_avg:84.57ms
step:2700/9000 train_loss:2.1776 train_time:228365ms step_avg:84.58ms
step:2750/9000 train_loss:2.2101 train_time:232572ms step_avg:84.57ms
step:2800/9000 train_loss:2.1534 train_time:236837ms step_avg:84.58ms
step:2850/9000 train_loss:2.1041 train_time:241039ms step_avg:84.57ms
step:2900/9000 train_loss:2.0606 train_time:245245ms step_avg:84.57ms
step:2950/9000 train_loss:1.9852 train_time:249513ms step_avg:84.58ms
step:3000/9000 train_loss:2.1472 train_time:253719ms step_avg:84.57ms
step:3050/9000 train_loss:2.0573 train_time:257926ms step_avg:84.57ms
step:3100/9000 train_loss:2.0906 train_time:262197ms step_avg:84.58ms
step:3150/9000 train_loss:2.2228 train_time:266477ms step_avg:84.60ms
step:3200/9000 train_loss:1.9756 train_time:270732ms step_avg:84.60ms
step:3250/9000 train_loss:2.1110 train_time:274949ms step_avg:84.60ms
step:3300/9000 train_loss:2.0923 train_time:279154ms step_avg:84.59ms
step:3350/9000 train_loss:2.1052 train_time:283413ms step_avg:84.60ms
step:3400/9000 train_loss:2.1078 train_time:287618ms step_avg:84.59ms
step:3450/9000 train_loss:2.1559 train_time:291878ms step_avg:84.60ms
step:3500/9000 train_loss:2.1088 train_time:296076ms step_avg:84.59ms
step:3550/9000 train_loss:2.0715 train_time:300279ms step_avg:84.59ms
step:3600/9000 train_loss:2.0896 train_time:304542ms step_avg:84.60ms
step:3650/9000 train_loss:2.0158 train_time:308744ms step_avg:84.59ms
step:3700/9000 train_loss:2.0864 train_time:313002ms step_avg:84.60ms
step:3750/9000 train_loss:2.2640 train_time:317204ms step_avg:84.59ms
step:3800/9000 train_loss:2.2287 train_time:321401ms step_avg:84.58ms
step:3850/9000 train_loss:2.0263 train_time:325661ms step_avg:84.59ms
step:3900/9000 train_loss:2.0263 train_time:329860ms step_avg:84.58ms
step:3950/9000 train_loss:2.2024 train_time:334121ms step_avg:84.59ms
step:4000/9000 train_loss:2.1712 train_time:338329ms step_avg:84.58ms
step:4050/9000 train_loss:2.0749 train_time:342528ms step_avg:84.57ms
step:4100/9000 train_loss:2.0649 train_time:346789ms step_avg:84.58ms
step:4150/9000 train_loss:2.0440 train_time:350993ms step_avg:84.58ms
step:4200/9000 train_loss:2.0877 train_time:355251ms step_avg:84.58ms
step:4250/9000 train_loss:2.0477 train_time:359452ms step_avg:84.58ms
step:4300/9000 train_loss:2.2034 train_time:363653ms step_avg:84.57ms
step:4350/9000 train_loss:2.0262 train_time:367917ms step_avg:84.58ms
step:4400/9000 train_loss:2.1015 train_time:372119ms step_avg:84.57ms
step:4450/9000 train_loss:2.0993 train_time:376318ms step_avg:84.57ms
step:4500/9000 train_loss:1.9574 train_time:380579ms step_avg:84.57ms
step:4550/9000 train_loss:2.0309 train_time:384780ms step_avg:84.57ms
step:4600/9000 train_loss:2.0508 train_time:389043ms step_avg:84.57ms
step:4650/9000 train_loss:2.2327 train_time:393238ms step_avg:84.57ms
step:4700/9000 train_loss:2.0182 train_time:397439ms step_avg:84.56ms
step:4750/9000 train_loss:2.0352 train_time:401699ms step_avg:84.57ms
step:4800/9000 train_loss:2.0018 train_time:405898ms step_avg:84.56ms
step:4850/9000 train_loss:2.1292 train_time:410155ms step_avg:84.57ms
step:4900/9000 train_loss:2.0944 train_time:414359ms step_avg:84.56ms
step:4950/9000 train_loss:1.9678 train_time:418559ms step_avg:84.56ms
step:5000/9000 train_loss:2.0508 train_time:422818ms step_avg:84.56ms
step:5050/9000 train_loss:2.0417 train_time:427015ms step_avg:84.56ms
step:5100/9000 train_loss:2.0488 train_time:431269ms step_avg:84.56ms
step:5150/9000 train_loss:2.2378 train_time:435464ms step_avg:84.56ms
step:5200/9000 train_loss:2.0835 train_time:439660ms step_avg:84.55ms
step:5250/9000 train_loss:1.9464 train_time:443918ms step_avg:84.56ms
step:5300/9000 train_loss:2.1155 train_time:448114ms step_avg:84.55ms
step:5350/9000 train_loss:2.2009 train_time:452364ms step_avg:84.55ms
step:5400/9000 train_loss:1.9180 train_time:456572ms step_avg:84.55ms
step:5450/9000 train_loss:2.0152 train_time:460771ms step_avg:84.55ms
step:5500/9000 train_loss:1.9257 train_time:465030ms step_avg:84.55ms
step:5550/9000 train_loss:2.1385 train_time:469227ms step_avg:84.55ms
step:5600/9000 train_loss:1.7015 train_time:473480ms step_avg:84.55ms
step:5650/9000 train_loss:2.0254 train_time:477678ms step_avg:84.54ms
step:5700/9000 train_loss:2.1469 train_time:481878ms step_avg:84.54ms
step:5750/9000 train_loss:2.0394 train_time:486135ms step_avg:84.55ms
step:5800/9000 train_loss:1.9690 train_time:490332ms step_avg:84.54ms
step:5850/9000 train_loss:2.0193 train_time:494594ms step_avg:84.55ms
step:5900/9000 train_loss:1.8722 train_time:498788ms step_avg:84.54ms
step:5950/9000 train_loss:2.0301 train_time:502986ms step_avg:84.54ms
step:6000/9000 train_loss:1.7794 train_time:507240ms step_avg:84.54ms
step:6050/9000 train_loss:1.9326 train_time:511438ms step_avg:84.54ms
step:6100/9000 train_loss:1.8587 train_time:515633ms step_avg:84.53ms
step:6150/9000 train_loss:2.1469 train_time:519886ms step_avg:84.53ms
step:6200/9000 train_loss:1.9863 train_time:524083ms step_avg:84.53ms
step:6250/9000 train_loss:2.1374 train_time:528335ms step_avg:84.53ms
step:6300/9000 train_loss:1.9545 train_time:532534ms step_avg:84.53ms
step:6350/9000 train_loss:1.9479 train_time:536726ms step_avg:84.52ms
swa:start step:6400
step:6400/9000 train_loss:2.0168 train_time:540982ms step_avg:84.53ms
step:6450/9000 train_loss:2.0632 train_time:545281ms step_avg:84.54ms
step:6500/9000 train_loss:1.9883 train_time:549612ms step_avg:84.56ms
step:6550/9000 train_loss:2.0743 train_time:553878ms step_avg:84.56ms
late_qat:enabled step:6570 scale:0.1498
step:6600/9000 train_loss:1.9664 train_time:558133ms step_avg:84.57ms
step:6650/9000 train_loss:2.1894 train_time:562450ms step_avg:84.58ms
step:6700/9000 train_loss:2.1126 train_time:566713ms step_avg:84.58ms
step:6750/9000 train_loss:1.9444 train_time:571030ms step_avg:84.60ms
step:6800/9000 train_loss:1.9691 train_time:575297ms step_avg:84.60ms
step:6850/9000 train_loss:2.0901 train_time:579560ms step_avg:84.61ms
step:6900/9000 train_loss:2.0447 train_time:583873ms step_avg:84.62ms
step:6950/9000 train_loss:1.9597 train_time:588131ms step_avg:84.62ms
step:7000/9000 train_loss:2.0296 train_time:592438ms step_avg:84.63ms
step:7050/9000 train_loss:2.0547 train_time:596690ms step_avg:84.64ms
step:7089/9000 val_loss:1.9614 val_bpb:1.0977 train_time:600082ms step_avg:84.65ms
stopping_early: wallclock_cap train_time:600082ms step:7089/9000
peak memory allocated: 21655 MiB reserved: 22246 MiB
ema:applying EMA weights
DIAGNOSTIC post_ema val_loss:1.9596 val_bpb:1.0966 eval_time:1972ms
Serialized model: 105994166 bytes
Code size: 120316 bytes
Serialized model int6+lzma: 15729476 bytes
Total submission size int6+lzma: 15849792 bytes
final_int6_roundtrip val_loss:1.9744 val_bpb:1.1049 eval_time:6409ms
final_int6_roundtrip_exact val_loss:1.97441759 val_bpb:1.10490932
final_int6_sliding_window val_loss:1.9356 val_bpb:1.0832 stride:64 eval_time:74064ms
final_int6_sliding_window_exact val_loss:1.93555667 val_bpb:1.08315990
final_int8_zlib_roundtrip_exact val_loss:1.93555667 val_bpb:1.08315990
ttt_sliding:start chunks=1863 chunk_tokens=32768 total_windows=953440 stride=64 ttt_lr=0.002 ttt_epochs=3 freeze_blocks=2
ttt_sliding:params unfrozen=26907468 frozen=4112
  ttt_chunk [1/1863] bpb=1.121831 time=0.5s
  ttt_chunk [11/1863] bpb=1.062488 time=2.7s
  ttt_chunk [21/1863] bpb=1.058702 time=5.0s
  ttt_chunk [31/1863] bpb=1.079308 time=7.2s
  ttt_chunk [41/1863] bpb=1.084762 time=9.4s
  ttt_chunk [51/1863] bpb=1.083185 time=11.7s
  ttt_chunk [61/1863] bpb=1.082808 time=13.9s
  ttt_chunk [71/1863] bpb=1.078797 time=16.2s
  ttt_chunk [81/1863] bpb=1.079805 time=18.4s
  ttt_chunk [91/1863] bpb=1.082637 time=20.7s
  ttt_chunk [101/1863] bpb=1.087932 time=22.9s
  ttt_chunk [111/1863] bpb=1.090424 time=25.2s
  ttt_chunk [121/1863] bpb=1.084171 time=27.4s
  ttt_chunk [131/1863] bpb=1.081555 time=29.7s
  ttt_chunk [141/1863] bpb=1.081859 time=31.9s
  ttt_chunk [151/1863] bpb=1.078993 time=34.2s
  ttt_chunk [161/1863] bpb=1.077349 time=36.4s
  ttt_chunk [171/1863] bpb=1.083328 time=38.7s
  ttt_chunk [181/1863] bpb=1.083330 time=40.9s
  ttt_chunk [191/1863] bpb=1.084367 time=43.2s
  ttt_chunk [201/1863] bpb=1.085599 time=45.4s
  ttt_chunk [211/1863] bpb=1.086286 time=47.7s
  ttt_chunk [221/1863] bpb=1.085551 time=49.9s
  ttt_chunk [231/1863] bpb=1.084799 time=52.1s
  ttt_chunk [241/1863] bpb=1.083630 time=54.4s
  ttt_chunk [251/1863] bpb=1.082893 time=56.7s
  ttt_chunk [261/1863] bpb=1.082021 time=58.9s
  ttt_chunk [271/1863] bpb=1.085016 time=61.1s
  ttt_chunk [281/1863] bpb=1.085706 time=63.4s
  ttt_chunk [291/1863] bpb=1.087687 time=65.6s
  ttt_chunk [301/1863] bpb=1.086637 time=67.9s
  ttt_chunk [311/1863] bpb=1.087624 time=70.1s
  ttt_chunk [321/1863] bpb=1.087494 time=72.4s
  ttt_chunk [331/1863] bpb=1.085973 time=74.6s
  ttt_chunk [341/1863] bpb=1.085304 time=76.9s
  ttt_chunk [351/1863] bpb=1.086501 time=79.1s
  ttt_chunk [361/1863] bpb=1.085388 time=81.4s
  ttt_chunk [371/1863] bpb=1.085717 time=83.6s
  ttt_chunk [381/1863] bpb=1.087279 time=85.9s
  ttt_chunk [391/1863] bpb=1.088029 time=88.1s
  ttt_chunk [401/1863] bpb=1.086074 time=90.4s
  ttt_chunk [411/1863] bpb=1.085230 time=92.6s
  ttt_chunk [421/1863] bpb=1.086189 time=94.8s
  ttt_chunk [431/1863] bpb=1.085913 time=97.1s
  ttt_chunk [441/1863] bpb=1.086262 time=99.3s
  ttt_chunk [451/1863] bpb=1.085588 time=101.6s
  ttt_chunk [461/1863] bpb=1.084547 time=103.8s
  ttt_chunk [471/1863] bpb=1.085018 time=106.1s
  ttt_chunk [481/1863] bpb=1.085773 time=108.3s
  ttt_chunk [491/1863] bpb=1.087146 time=110.5s
  ttt_chunk [501/1863] bpb=1.086304 time=112.8s
  ttt_chunk [511/1863] bpb=1.086894 time=115.0s
  ttt_chunk [521/1863] bpb=1.087932 time=117.3s
  ttt_chunk [531/1863] bpb=1.088556 time=119.5s
  ttt_chunk [541/1863] bpb=1.087658 time=121.7s
  ttt_chunk [551/1863] bpb=1.087950 time=124.0s
  ttt_chunk [561/1863] bpb=1.087744 time=126.2s
  ttt_chunk [571/1863] bpb=1.087681 time=128.5s
  ttt_chunk [581/1863] bpb=1.087463 time=130.7s
  ttt_chunk [591/1863] bpb=1.087106 time=133.0s
  ttt_chunk [601/1863] bpb=1.087287 time=135.2s
  ttt_chunk [611/1863] bpb=1.087051 time=137.5s
  ttt_chunk [621/1863] bpb=1.086983 time=139.7s
  ttt_chunk [631/1863] bpb=1.086438 time=141.9s
  ttt_chunk [641/1863] bpb=1.084858 time=144.2s
  ttt_chunk [651/1863] bpb=1.085004 time=146.4s
  ttt_chunk [661/1863] bpb=1.084167 time=148.7s
  ttt_chunk [671/1863] bpb=1.083580 time=150.9s
  ttt_chunk [681/1863] bpb=1.083631 time=153.2s
  ttt_chunk [691/1863] bpb=1.083184 time=155.4s
  ttt_chunk [701/1863] bpb=1.082974 time=157.6s
  ttt_chunk [711/1863] bpb=1.082475 time=159.9s
  ttt_chunk [721/1863] bpb=1.082591 time=162.1s
  ttt_chunk [731/1863] bpb=1.081812 time=164.4s
  ttt_chunk [741/1863] bpb=1.081423 time=166.6s
  ttt_chunk [751/1863] bpb=1.081767 time=168.8s
  ttt_chunk [761/1863] bpb=1.081343 time=171.1s
  ttt_chunk [771/1863] bpb=1.081807 time=173.3s
  ttt_chunk [781/1863] bpb=1.081125 time=175.5s
  ttt_chunk [791/1863] bpb=1.081638 time=177.8s
  ttt_chunk [801/1863] bpb=1.081130 time=180.0s
  ttt_chunk [811/1863] bpb=1.081191 time=182.2s
  ttt_chunk [821/1863] bpb=1.080664 time=184.5s
  ttt_chunk [831/1863] bpb=1.080767 time=186.7s
  ttt_chunk [841/1863] bpb=1.080525 time=188.9s
  ttt_chunk [851/1863] bpb=1.080096 time=191.2s
  ttt_chunk [861/1863] bpb=1.080054 time=193.4s
  ttt_chunk [871/1863] bpb=1.079852 time=195.7s
  ttt_chunk [881/1863] bpb=1.079311 time=197.9s
  ttt_chunk [891/1863] bpb=1.079337 time=200.1s
  ttt_chunk [901/1863] bpb=1.079812 time=202.4s
  ttt_chunk [911/1863] bpb=1.079618 time=204.6s
  ttt_chunk [921/1863] bpb=1.079872 time=206.8s
  ttt_chunk [931/1863] bpb=1.080272 time=209.0s
  ttt_chunk [941/1863] bpb=1.080774 time=211.3s
  ttt_chunk [951/1863] bpb=1.080771 time=213.5s
  ttt_chunk [961/1863] bpb=1.080925 time=215.7s
  ttt_chunk [971/1863] bpb=1.081214 time=218.0s
  ttt_chunk [981/1863] bpb=1.080735 time=220.2s
  ttt_chunk [991/1863] bpb=1.080745 time=222.5s
  ttt_chunk [1001/1863] bpb=1.081361 time=224.7s
  ttt_chunk [1011/1863] bpb=1.081406 time=226.9s
  ttt_chunk [1021/1863] bpb=1.081462 time=229.2s
  ttt_chunk [1031/1863] bpb=1.082096 time=231.4s
  ttt_chunk [1041/1863] bpb=1.082032 time=233.6s
  ttt_chunk [1051/1863] bpb=1.082321 time=235.9s
  ttt_chunk [1061/1863] bpb=1.082194 time=238.1s
  ttt_chunk [1071/1863] bpb=1.082698 time=240.3s
  ttt_chunk [1081/1863] bpb=1.082625 time=242.6s
  ttt_chunk [1091/1863] bpb=1.082128 time=244.8s
  ttt_chunk [1101/1863] bpb=1.082350 time=247.0s
  ttt_chunk [1111/1863] bpb=1.081790 time=249.3s
  ttt_chunk [1121/1863] bpb=1.081489 time=251.5s
  ttt_chunk [1131/1863] bpb=1.081604 time=253.8s
  ttt_chunk [1141/1863] bpb=1.081521 time=256.0s
  ttt_chunk [1151/1863] bpb=1.080592 time=258.2s
  ttt_chunk [1161/1863] bpb=1.080732 time=260.5s
  ttt_chunk [1171/1863] bpb=1.080957 time=262.7s
  ttt_chunk [1181/1863] bpb=1.081422 time=265.0s
  ttt_chunk [1191/1863] bpb=1.080779 time=267.2s
  ttt_chunk [1201/1863] bpb=1.080746 time=269.4s
  ttt_chunk [1211/1863] bpb=1.081110 time=271.7s
  ttt_chunk [1221/1863] bpb=1.080885 time=273.9s
  ttt_chunk [1231/1863] bpb=1.080223 time=276.2s
  ttt_chunk [1241/1863] bpb=1.079513 time=278.4s
  ttt_chunk [1251/1863] bpb=1.078811 time=280.6s
  ttt_chunk [1261/1863] bpb=1.079005 time=282.9s
  ttt_chunk [1271/1863] bpb=1.078583 time=285.1s
  ttt_chunk [1281/1863] bpb=1.078912 time=287.3s
  ttt_chunk [1291/1863] bpb=1.078791 time=289.6s
  ttt_chunk [1301/1863] bpb=1.078470 time=291.8s
  ttt_chunk [1311/1863] bpb=1.078732 time=294.0s
  ttt_chunk [1321/1863] bpb=1.078568 time=296.3s
  ttt_chunk [1331/1863] bpb=1.078538 time=298.5s
  ttt_chunk [1341/1863] bpb=1.078859 time=300.7s
  ttt_chunk [1351/1863] bpb=1.079308 time=303.0s
  ttt_chunk [1361/1863] bpb=1.079614 time=305.2s
  ttt_chunk [1371/1863] bpb=1.079332 time=307.4s
  ttt_chunk [1381/1863] bpb=1.079209 time=309.7s
  ttt_chunk [1391/1863] bpb=1.079420 time=311.9s
  ttt_chunk [1401/1863] bpb=1.079577 time=314.2s
  ttt_chunk [1411/1863] bpb=1.079595 time=316.4s
  ttt_chunk [1421/1863] bpb=1.079775 time=318.7s
  ttt_chunk [1431/1863] bpb=1.080195 time=320.9s
  ttt_chunk [1441/1863] bpb=1.079916 time=323.1s
  ttt_chunk [1451/1863] bpb=1.080204 time=325.4s
  ttt_chunk [1461/1863] bpb=1.080269 time=327.6s
  ttt_chunk [1471/1863] bpb=1.080409 time=329.8s
  ttt_chunk [1481/1863] bpb=1.080104 time=332.1s
  ttt_chunk [1491/1863] bpb=1.080201 time=334.3s
  ttt_chunk [1501/1863] bpb=1.080417 time=336.5s
  ttt_chunk [1511/1863] bpb=1.079990 time=338.8s
  ttt_chunk [1521/1863] bpb=1.080153 time=341.0s
  ttt_chunk [1531/1863] bpb=1.080479 time=343.3s
  ttt_chunk [1541/1863] bpb=1.080499 time=345.5s
  ttt_chunk [1551/1863] bpb=1.080576 time=347.7s
  ttt_chunk [1561/1863] bpb=1.080617 time=350.0s
  ttt_chunk [1571/1863] bpb=1.080953 time=352.2s
  ttt_chunk [1581/1863] bpb=1.080968 time=354.4s
  ttt_chunk [1591/1863] bpb=1.081359 time=356.7s
  ttt_chunk [1601/1863] bpb=1.081345 time=358.9s
  ttt_chunk [1611/1863] bpb=1.081069 time=361.1s
  ttt_chunk [1621/1863] bpb=1.081110 time=363.4s
  ttt_chunk [1631/1863] bpb=1.081613 time=365.6s
  ttt_chunk [1641/1863] bpb=1.081813 time=367.9s
  ttt_chunk [1651/1863] bpb=1.081875 time=370.1s
  ttt_chunk [1661/1863] bpb=1.081698 time=372.4s
  ttt_chunk [1671/1863] bpb=1.081816 time=374.6s
  ttt_chunk [1681/1863] bpb=1.081772 time=376.9s
  ttt_chunk [1691/1863] bpb=1.081635 time=379.1s
  ttt_chunk [1701/1863] bpb=1.081909 time=381.3s
  ttt_chunk [1711/1863] bpb=1.081360 time=383.6s
  ttt_chunk [1721/1863] bpb=1.081104 time=385.8s
  ttt_chunk [1731/1863] bpb=1.081214 time=388.0s
  ttt_chunk [1741/1863] bpb=1.081184 time=390.2s
  ttt_chunk [1751/1863] bpb=1.081201 time=392.5s
  ttt_chunk [1761/1863] bpb=1.080756 time=394.7s
  ttt_chunk [1771/1863] bpb=1.080647 time=397.0s
  ttt_chunk [1781/1863] bpb=1.080445 time=399.2s
  ttt_chunk [1791/1863] bpb=1.080451 time=401.4s
  ttt_chunk [1801/1863] bpb=1.080299 time=403.7s
  ttt_chunk [1811/1863] bpb=1.080165 time=405.9s
  ttt_chunk [1821/1863] bpb=1.079924 time=408.1s
  ttt_chunk [1831/1863] bpb=1.079509 time=410.4s
  ttt_chunk [1841/1863] bpb=1.079331 time=412.6s
  ttt_chunk [1851/1863] bpb=1.079108 time=414.9s
  ttt_chunk [1861/1863] bpb=1.079134 time=417.1s
  ttt_chunk [1863/1863] bpb=1.079088 time=417.3s
ttt_sliding:done val_loss=1.930951 val_bpb=1.080583 elapsed=417.3s
legal_ttt val_loss:1.9310 val_bpb:1.0806 eval_time:417865ms
legal_ttt_exact val_loss:1.93095116 val_bpb:1.08058261
