variant=baseline_prefix15
run_id=twopass_prefix15_s1337
seed=1337
policy=prefix rescore_chunks=15 min_chunk_index=0
data_path=/tmp/parameter-golf-data/datasets/fineweb10B_sp1024
tokenizer_path=/tmp/parameter-golf-data/tokenizers/fineweb_1024_bpe.model

*****************************************
Setting OMP_NUM_THREADS environment variable for each process to be 1 in default, to avoid your system being overloaded, please further tune the variable for optimal performance in your application as needed. 
*****************************************
/workspace/parameter-golf-pr846/records/track_10min_16mb/2026-03-27_TwoPassNgram_0.1434/twopass_prefix15_s1337.txt
model_preset:frontier_lean run_profile:full_8gpu_600s_ttt
val_bpb:enabled tokenizer_kind=sentencepiece tokenizer_path=/tmp/parameter-golf-data/tokenizers/fineweb_1024_bpe.model
train_loader:dataset:fineweb10B_sp1024
val_loader:shards pattern=/tmp/parameter-golf-data/datasets/fineweb10B_sp1024/fineweb_val_*.bin tokens:62021632
ttt_prep:started background doc segmentation
model_params:27255900
param_breakdown:{"lexical": 1114625, "skip": 2560, "upper_global": 25974872, "value_embedding": 163843}
world_size:8 grad_accum_steps:1
flash_attn_3_loaded:True
sdp_backends:cudnn=False flash=True mem_efficient=False math=False
train_batch_tokens:786432 train_seq_len:2048 iterations:20000 warmup_steps:20 max_wallclock_seconds:525.000
activation_mode:leaky_relu2 export_quantizer:full_gptq_int5 ttt_optimizer:adamw
ngram_eval:enabled:True two_pass:True policy:prefix rescore_chunks:15 min_chunk_index:0
muon:banking_enabled:True bank_min_tensors:2
moonshot lower_replace_layers:0 local_shared_blocks:4 use_unet_skips:True
seed:1337
shard_order:computing perplexity ranking...
shard_order:ranked 80 shards by perplexity
warmup_step:1/20
warmup_step:2/20
warmup_step:3/20
warmup_step:4/20
warmup_step:5/20
warmup_step:6/20
warmup_step:7/20
warmup_step:8/20
warmup_step:9/20
warmup_step:10/20
warmup_step:11/20
warmup_step:12/20
warmup_step:13/20
warmup_step:14/20
warmup_step:15/20
warmup_step:16/20
warmup_step:17/20
warmup_step:18/20
warmup_step:19/20
warmup_step:20/20
step:0/20000 val_loss:6.9316 val_bpb:4.1053 train_time:0ms step_avg:0.01ms
step:1/20000 train_loss:6.9323 train_time:109ms step_avg:108.58ms
step:2/20000 train_loss:8.7056 train_time:187ms step_avg:93.45ms
step:3/20000 train_loss:7.9488 train_time:271ms step_avg:90.37ms
step:4/20000 train_loss:7.2404 train_time:355ms step_avg:88.86ms
step:5/20000 train_loss:6.9519 train_time:440ms step_avg:87.90ms
step:6/20000 train_loss:6.8663 train_time:524ms step_avg:87.32ms
step:7/20000 train_loss:6.7762 train_time:607ms step_avg:86.68ms
step:8/20000 train_loss:6.6145 train_time:691ms step_avg:86.37ms
step:9/20000 train_loss:6.2592 train_time:775ms step_avg:86.07ms
step:10/20000 train_loss:6.1113 train_time:859ms step_avg:85.89ms
step:500/20000 train_loss:2.3727 train_time:42799ms step_avg:85.60ms
step:1000/20000 train_loss:2.1719 train_time:85746ms step_avg:85.75ms
step:1500/20000 train_loss:2.3049 train_time:128733ms step_avg:85.82ms
step:2000/20000 train_loss:2.1067 train_time:171730ms step_avg:85.87ms
step:2500/20000 train_loss:2.0898 train_time:214712ms step_avg:85.88ms
step:3000/20000 train_loss:2.1340 train_time:257674ms step_avg:85.89ms
step:3500/20000 train_loss:2.0618 train_time:300601ms step_avg:85.89ms
step:4000/20000 train_loss:2.0718 train_time:343523ms step_avg:85.88ms
step:4000/20000 val_loss:2.0348 val_bpb:1.2051 train_time:343528ms step_avg:85.88ms
step:4500/20000 train_loss:2.0215 train_time:386452ms step_avg:85.88ms
step:5000/20000 train_loss:1.9853 train_time:429378ms step_avg:85.88ms
swa:start step:5450
step:5500/20000 train_loss:2.0600 train_time:472376ms step_avg:85.89ms
step:6000/20000 train_loss:1.9392 train_time:515629ms step_avg:85.94ms
step:6109/20000 val_loss:1.9348 val_bpb:1.1459 train_time:525066ms step_avg:85.95ms
stopping_early: wallclock_cap train_time:525066ms step:6109/20000
peak memory allocated: 20674 MiB reserved: 20728 MiB
ema:applying best EMA (decay=0.9970 bpb=inf)
DIAGNOSTIC post_average val_loss:1.9344 val_bpb:1.1456 eval_time:1995ms
gptq:calibrating hessians batches:64 batch_tokens:0 seq_len:2048
gptq:calibrated 68 layers in 1.0s
export_grid block:128 refine:3 damp:0.0100 mse:0.03441550
export_grid block:64 refine:3 damp:0.0100 mse:0.03441530
export_grid block:128 refine:3 damp:0.0050 mse:0.03481565
export_grid block:64 refine:3 damp:0.0050 mse:0.03481561
gptq_quantize: 66 GPTQ layers, 0 naive layers
mixed_precision: 25952256 int5 params, 0 int6 params
Serialized model research_export: 13215828 bytes
Code size: 188911 bytes
Total submission size research_export: 13404739 bytes
final_research_export_roundtrip val_loss:1.9652 val_bpb:1.1639 eval_time:39578ms
final_research_export_sliding skipped
final_research_export_exact val_loss:1.96523063 val_bpb:1.16392028
final_ttt val_loss:1.9398 val_bpb:1.1489 eval_time:52865ms
final_ttt_meta optimizer:adamw temperature:0.9800 weight_decay:0.000000
final_ttt_exact val_loss:1.93982215 val_bpb:1.14887194
  ngram_pass1 chunk:1/63 bpb:1.1500 [COLD]
  ngram_pass1 chunk:2/63 bpb:1.3325 [COLD]
  ngram_pass1 chunk:3/63 bpb:1.2838 [COLD]
  ngram_pass1 chunk:4/63 bpb:1.1893 [COLD]
  ngram_pass1 chunk:5/63 bpb:1.0530 [COLD]
  ngram_pass1 chunk:61/63 bpb:0.1200 [warm]
  ngram_pass1 chunk:62/63 bpb:0.1207 [warm]
  ngram_pass1 chunk:63/63 bpb:0.1259 [warm]
  ngram_pass1_total bpb:0.2952 time:296661ms
  ngram_pass2: policy=prefix rescoring 15 chunks (indices:1,2,3,4,5,6,7,8,9,10,11,12,13,14,15) with full cache (63 chunks seen)...
  ngram_pass2 chunk:1 pass1:1.1500 pass2:0.1178 delta:+1.0322
  ngram_pass2 chunk:2 pass1:1.3325 pass2:0.1167 delta:+1.2158
  ngram_pass2 chunk:3 pass1:1.2838 pass2:0.1175 delta:+1.1663
  ngram_pass2 chunk:4 pass1:1.1893 pass2:0.1175 delta:+1.0718
  ngram_pass2 chunk:5 pass1:1.0530 pass2:0.1159 delta:+0.9371
  ngram_pass2 chunk:6 pass1:0.9261 pass2:0.1165 delta:+0.8096
  ngram_pass2 chunk:7 pass1:0.7901 pass2:0.1179 delta:+0.6722
  ngram_pass2 chunk:8 pass1:0.6753 pass2:0.1169 delta:+0.5584
  ngram_pass2 chunk:9 pass1:0.5776 pass2:0.1172 delta:+0.4604
  ngram_pass2 chunk:10 pass1:0.5036 pass2:0.1148 delta:+0.3888
  ngram_pass2 chunk:11 pass1:0.4388 pass2:0.1150 delta:+0.3238
  ngram_pass2 chunk:12 pass1:0.3916 pass2:0.1170 delta:+0.2746
  ngram_pass2 chunk:13 pass1:0.3467 pass2:0.1156 delta:+0.2311
  ngram_pass2 chunk:14 pass1:0.3114 pass2:0.1156 delta:+0.1958
  ngram_pass2 chunk:15 pass1:0.2818 pass2:0.1137 delta:+0.1681
  ngram_pass2_total bpb:0.1435 improvement:+0.1516 time:55356ms
final_ngram val_loss:0.2424 val_bpb:0.1435 eval_time:352575ms max_order:9 adaptive:True pass2_policy:prefix pass2_rescore_chunks:15 pass2_min_chunk_index:0
final_ngram_exact val_loss:0.24235827 val_bpb:0.14353822
phase_timings:{"diagnostic_eval_ms": 1995.3395089833066, "ngram_eval_ms": 352825.6024880102, "quantize_ms": 19608.12133998843, "roundtrip_eval_ms": 83330.35442698747, "serialize_ms": 41857.74415603373, "skipped": {"diagnostic_eval": false, "export": false, "roundtrip_eval": false, "sliding_eval": false}, "sliding_eval_ms": 0.0}
