[2026-03-29T15:02:22.691789+00:00] run:start
[2026-03-29T15:02:22.692758+00:00] run:config hash=899e3415855b
[2026-03-29T15:02:22.692832+00:00] text_sample:start
[2026-03-29T15:02:23.277644+00:00] text_sample:done path=/Users/simon/Code/parameter-golf/autoresearch/tokenmonster_discovery/text_sample.jsonl
[2026-03-29T15:02:35.869814+00:00] experiment:1:start type=tokenmonster_build params={'base_vocab': 'english-1024-balanced-v1', 'resize': 960, 'max_decoded_bytes': 20, 'delete_multiword': True, 'delete_space_punct': False, 'delete_regex': ['  {3,}']}
[2026-03-29T15:03:14.239412+00:00] run:start
[2026-03-29T15:03:14.240249+00:00] run:config hash=899e3415855b
[2026-03-29T15:03:25.276976+00:00] experiment:1:start type=tokenmonster_build params={'base_vocab': 'english-1024-balanced-v1', 'resize': 960, 'max_decoded_bytes': 24, 'delete_multiword': True, 'delete_space_punct': False, 'delete_regex': ['  {3,}']}
[2026-03-29T15:03:25.901923+00:00] experiment:1:done vocab=960 tpb=0.425465 dead=0.0552
[2026-03-29T15:03:35.773515+00:00] run:done
[2026-03-29T15:03:49.539156+00:00] state:archived_incompatible_run archive=/Users/simon/Code/parameter-golf/autoresearch/tokenmonster_discovery/_archives/20260329T150349Z_899e3415855b old_hash=899e3415855b new_hash=3ee2c8f29b71
[2026-03-29T15:03:49.539520+00:00] run:start
[2026-03-29T15:03:49.539582+00:00] run:config hash=3ee2c8f29b71
[2026-03-29T15:03:49.539652+00:00] text_sample:start
[2026-03-29T15:03:56.615083+00:00] text_sample:done path=/Users/simon/Code/parameter-golf/autoresearch/tokenmonster_discovery/text_sample.jsonl
[2026-03-29T15:04:08.778128+00:00] experiment:1:start type=tokenmonster_build params={'base_vocab': 'english-1024-balanced-v1', 'resize': 960, 'max_decoded_bytes': 20, 'delete_multiword': True, 'delete_space_punct': False, 'delete_regex': ['  {3,}']}
[2026-03-29T15:04:16.248134+00:00] experiment:1:done vocab=960 tpb=0.411292 dead=0.0385
[2026-03-29T15:04:42.105733+00:00] experiment:2:start type=tokenmonster_build params={'base_vocab': 'english-1024-balanced-v1', 'resize': 1008, 'max_decoded_bytes': 30, 'delete_multiword': False, 'delete_space_punct': True, 'delete_regex': ['  {3,}']}
[2026-03-29T15:04:47.841657+00:00] experiment:2:done vocab=1008 tpb=0.411371 dead=0.0437
[2026-03-29T15:05:14.361360+00:00] experiment:3:start type=tokenmonster_build params={'base_vocab': 'english-1024-balanced-v1', 'resize': 1020, 'max_decoded_bytes': 40, 'delete_multiword': False, 'delete_space_punct': False, 'delete_regex': ['  {4,}']}
[2026-03-29T15:05:20.032243+00:00] experiment:3:done vocab=1020 tpb=0.408178 dead=0.0422
[2026-03-29T15:05:47.914140+00:00] experiment:4:start type=tokenmonster_build params={'base_vocab': 'english-1024-balanced-v1', 'resize': 1022, 'max_decoded_bytes': 50, 'delete_multiword': False, 'delete_space_punct': False, 'delete_regex': ['  {5,}']}
[2026-03-29T15:05:54.320509+00:00] experiment:4:done vocab=1022 tpb=0.408178 dead=0.0440
[2026-03-29T15:06:25.165793+00:00] experiment:5:start type=tokenmonster_build params={'base_vocab': 'english-1024-balanced-v1', 'resize': 1024, 'max_decoded_bytes': 45, 'delete_multiword': False, 'delete_space_punct': False, 'delete_regex': ['  {6,}']}
[2026-03-29T15:06:30.628655+00:00] experiment:5:done vocab=1024 tpb=0.408178 dead=0.0459
[2026-03-29T15:06:51.364170+00:00] experiment:6:start type=tokenmonster_build params={'base_vocab': 'english-1024-balanced-v1', 'resize': 1018, 'max_decoded_bytes': 35, 'delete_multiword': False, 'delete_space_punct': False, 'delete_regex': ['  {4,}']}
[2026-03-29T15:06:56.593797+00:00] experiment:6:done vocab=1018 tpb=0.408178 dead=0.0403
[2026-03-29T15:07:05.846797+00:00] frontier:update best=experiment_0006 score=4.100491
[2026-03-29T15:07:17.975008+00:00] experiment:7:start type=tokenmonster_build params={'base_vocab': 'english-1024-balanced-v1', 'resize': 1020, 'max_decoded_bytes': 35, 'delete_multiword': False, 'delete_space_punct': False, 'delete_regex': ['  {4,}']}
[2026-03-29T15:07:23.255597+00:00] experiment:7:done vocab=1020 tpb=0.408178 dead=0.0422
[2026-03-29T15:07:48.326679+00:00] experiment:8:start type=tokenmonster_build params={'base_vocab': 'english-1024-balanced-v1', 'resize': 1016, 'max_decoded_bytes': 35, 'delete_multiword': False, 'delete_space_punct': False, 'delete_regex': ['  {4,}']}
[2026-03-29T15:07:53.678433+00:00] experiment:8:done vocab=1016 tpb=0.408178 dead=0.0384
[2026-03-29T15:08:05.134398+00:00] frontier:update best=experiment_0008 score=4.099546
[2026-03-29T15:08:18.813121+00:00] experiment:9:start type=tokenmonster_build params={'base_vocab': 'english-1024-balanced-v1', 'resize': 1014, 'max_decoded_bytes': 35, 'delete_multiword': False, 'delete_space_punct': False, 'delete_regex': ['  {4,}']}
[2026-03-29T15:08:24.088031+00:00] experiment:9:done vocab=1014 tpb=0.408178 dead=0.0365
[2026-03-29T15:08:49.283794+00:00] experiment:10:start type=tokenmonster_build params={'base_vocab': 'english-1024-balanced-v1', 'resize': 1012, 'max_decoded_bytes': 35, 'delete_multiword': False, 'delete_space_punct': False, 'delete_regex': ['  {4,}']}
[2026-03-29T15:08:54.570445+00:00] experiment:10:done vocab=1012 tpb=0.408349 dead=0.0366
[2026-03-29T15:09:15.628804+00:00] experiment:11:start type=tokenmonster_build params={'base_vocab': 'english-1024-balanced-v1', 'resize': 1013, 'max_decoded_bytes': 35, 'delete_multiword': False, 'delete_space_punct': False, 'delete_regex': ['  {4,}']}
[2026-03-29T15:09:20.806577+00:00] experiment:11:done vocab=1013 tpb=0.408305 dead=0.0365
[2026-03-29T15:09:43.119727+00:00] experiment:12:start type=tokenmonster_build params={'base_vocab': 'english-1024-balanced-v1', 'resize': 1015, 'max_decoded_bytes': 35, 'delete_multiword': False, 'delete_space_punct': False, 'delete_regex': ['  {4,}']}
[2026-03-29T15:09:48.544682+00:00] experiment:12:done vocab=1015 tpb=0.408178 dead=0.0374
[2026-03-29T15:10:17.647173+00:00] experiment:13:start type=tokenmonster_build params={'base_vocab': 'english-1024-balanced-v1', 'resize': 1014, 'max_decoded_bytes': 30, 'delete_multiword': False, 'delete_space_punct': False, 'delete_regex': ['  {4,}']}
[2026-03-29T15:10:23.443948+00:00] experiment:13:done vocab=1014 tpb=0.408178 dead=0.0365
[2026-03-29T15:10:48.627952+00:00] experiment:14:start type=tokenmonster_build params={'base_vocab': 'english-1024-balanced-v1', 'resize': 1010, 'max_decoded_bytes': 30, 'delete_multiword': False, 'delete_space_punct': False, 'delete_regex': ['  {4,}']}
[2026-03-29T15:10:54.135893+00:00] experiment:14:done vocab=1010 tpb=0.408495 dead=0.0366
[2026-03-29T15:11:16.515459+00:00] experiment:15:start type=tokenmonster_build params={'base_vocab': 'english-1024-balanced-v1', 'resize': 1014, 'max_decoded_bytes': 30, 'delete_multiword': True, 'delete_space_punct': False, 'delete_regex': ['  {4,}']}
[2026-03-29T15:11:22.043355+00:00] experiment:15:done vocab=1014 tpb=0.408576 dead=0.0454
[2026-03-29T15:11:48.747641+00:00] experiment:16:start type=tokenmonster_build params={'base_vocab': 'english-1024-balanced-v1', 'resize': 1014, 'max_decoded_bytes': 30, 'delete_multiword': False, 'delete_space_punct': True, 'delete_regex': ['  {4,}']}
[2026-03-29T15:11:54.354700+00:00] experiment:16:done vocab=1014 tpb=0.410146 dead=0.0454
[2026-03-29T15:12:27.639691+00:00] experiment:17:start type=tokenmonster_build params={'base_vocab': 'english-1024-balanced-v1', 'resize': 1014, 'max_decoded_bytes': 25, 'delete_multiword': False, 'delete_space_punct': False, 'delete_regex': ['  {4,}']}
[2026-03-29T15:12:33.100162+00:00] experiment:17:done vocab=1014 tpb=0.408178 dead=0.0365
[2026-03-29T15:12:58.688587+00:00] experiment:18:start type=tokenmonster_build params={'base_vocab': 'english-1024-balanced-v1', 'resize': 1014, 'max_decoded_bytes': 35, 'delete_multiword': False, 'delete_space_punct': False, 'delete_regex': []}
[2026-03-29T15:13:03.977458+00:00] experiment:18:done vocab=1014 tpb=0.409307 dead=0.0454
[2026-03-29T15:13:30.891581+00:00] experiment:19:start type=tokenmonster_build params={'base_vocab': 'english-1024-balanced-v1', 'resize': 1020, 'max_decoded_bytes': 30, 'delete_multiword': False, 'delete_space_punct': False, 'delete_regex': ['  {4,}']}
[2026-03-29T15:13:36.230938+00:00] experiment:19:done vocab=1020 tpb=0.408178 dead=0.0422
[2026-03-29T15:13:58.674145+00:00] experiment:20:start type=tokenmonster_build params={'base_vocab': 'english-1024-balanced-v1', 'resize': 1014, 'max_decoded_bytes': 28, 'delete_multiword': False, 'delete_space_punct': False, 'delete_regex': ['  {4,}']}
[2026-03-29T15:14:04.098017+00:00] experiment:20:done vocab=1014 tpb=0.408178 dead=0.0365
[2026-03-29T15:14:30.133280+00:00] experiment:21:start type=tokenmonster_build params={'base_vocab': 'english-1024-balanced-v1', 'resize': 1012, 'max_decoded_bytes': 30, 'delete_multiword': False, 'delete_space_punct': False, 'delete_regex': ['  {4,}']}
[2026-03-29T15:14:35.606269+00:00] experiment:21:done vocab=1012 tpb=0.408349 dead=0.0366
[2026-03-29T15:14:59.817207+00:00] experiment:22:start type=tokenmonster_build params={'base_vocab': 'english-1024-balanced-v1', 'resize': 1013, 'max_decoded_bytes': 30, 'delete_multiword': False, 'delete_space_punct': False, 'delete_regex': ['  {4,}']}
[2026-03-29T15:15:05.197256+00:00] experiment:22:done vocab=1013 tpb=0.408305 dead=0.0365
[2026-03-29T15:15:36.058816+00:00] experiment:23:start type=tokenmonster_build params={'base_vocab': 'english-1024-balanced-v1', 'resize': 1015, 'max_decoded_bytes': 30, 'delete_multiword': False, 'delete_space_punct': False, 'delete_regex': ['  {4,}']}
[2026-03-29T15:15:41.296573+00:00] experiment:23:done vocab=1015 tpb=0.408178 dead=0.0374
[2026-03-29T15:16:05.520086+00:00] experiment:24:start type=tokenmonster_build params={'base_vocab': 'english-1024-balanced-v1', 'resize': 1016, 'max_decoded_bytes': 25, 'delete_multiword': False, 'delete_space_punct': False, 'delete_regex': ['  {4,}']}
[2026-03-29T15:16:11.371769+00:00] experiment:24:done vocab=1016 tpb=0.408178 dead=0.0384
[2026-03-29T15:16:37.818323+00:00] experiment:25:start type=tokenmonster_build params={'base_vocab': 'english-1024-balanced-v1', 'resize': 1015, 'max_decoded_bytes': 25, 'delete_multiword': False, 'delete_space_punct': False, 'delete_regex': ['  {4,}']}
[2026-03-29T15:16:43.651319+00:00] experiment:25:done vocab=1015 tpb=0.408178 dead=0.0374
[2026-03-29T15:17:06.164639+00:00] experiment:26:start type=tokenmonster_build params={'base_vocab': 'english-1024-balanced-v1', 'resize': 1014, 'max_decoded_bytes': 20, 'delete_multiword': False, 'delete_space_punct': False, 'delete_regex': ['  {4,}']}
[2026-03-29T15:17:16.795591+00:00] experiment:26:done vocab=1014 tpb=0.408178 dead=0.0365
[2026-03-29T15:17:45.803146+00:00] experiment:27:start type=tokenmonster_build params={'base_vocab': 'english-1024-balanced-v1', 'resize': 1014, 'max_decoded_bytes': 25, 'delete_multiword': False, 'delete_space_punct': True, 'delete_regex': ['  {4,}']}
[2026-03-29T15:17:51.400816+00:00] experiment:27:done vocab=1014 tpb=0.410146 dead=0.0454
[2026-03-29T15:18:25.215818+00:00] experiment:28:start type=tokenmonster_build params={'base_vocab': 'english-1024-balanced-v1', 'resize': 1014, 'max_decoded_bytes': 28, 'delete_multiword': True, 'delete_space_punct': False, 'delete_regex': ['  {4,}']}
[2026-03-29T15:18:31.310504+00:00] experiment:28:done vocab=1014 tpb=0.408576 dead=0.0454
[2026-03-29T15:19:02.897443+00:00] experiment:29:start type=tokenmonster_build params={'base_vocab': 'english-1024-balanced-v1', 'resize': 1014, 'max_decoded_bytes': 24, 'delete_multiword': False, 'delete_space_punct': False, 'delete_regex': ['  {4,}']}
[2026-03-29T15:19:08.587944+00:00] experiment:29:done vocab=1014 tpb=0.408178 dead=0.0365
[2026-03-29T15:19:36.860114+00:00] experiment:30:start type=tokenmonster_build params={'base_vocab': 'english-1024-balanced-v1', 'resize': 1011, 'max_decoded_bytes': 24, 'delete_multiword': False, 'delete_space_punct': False, 'delete_regex': ['  {4,}']}
[2026-03-29T15:19:42.644951+00:00] experiment:30:done vocab=1011 tpb=0.408417 dead=0.0366
[2026-03-29T15:20:08.723395+00:00] experiment:31:start type=tokenmonster_build params={'base_vocab': 'english-1024-balanced-v1', 'resize': 1013, 'max_decoded_bytes': 22, 'delete_multiword': False, 'delete_space_punct': False, 'delete_regex': ['  {4,}']}
[2026-03-29T15:20:14.296639+00:00] experiment:31:done vocab=1013 tpb=0.408305 dead=0.0365
[2026-03-29T15:20:30.885025+00:00] review:error attempt=1/3 error=Extra data: line 8 column 1 (char 1111)
[2026-03-29T15:21:00.447798+00:00] experiment:32:start type=tokenmonster_build params={'base_vocab': 'english-1024-balanced-v1', 'resize': 1012, 'max_decoded_bytes': 20, 'delete_multiword': False, 'delete_space_punct': False, 'delete_regex': ['  {4,}']}
[2026-03-29T15:21:05.824959+00:00] experiment:32:done vocab=1012 tpb=0.408349 dead=0.0366
[2026-03-29T15:21:34.761647+00:00] experiment:33:start type=tokenmonster_build params={'base_vocab': 'english-1024-balanced-v1', 'resize': 1018, 'max_decoded_bytes': 24, 'delete_multiword': False, 'delete_space_punct': False, 'delete_regex': ['  {4,}']}
[2026-03-29T15:21:40.296431+00:00] experiment:33:done vocab=1018 tpb=0.408178 dead=0.0403
[2026-03-29T15:22:02.477771+00:00] experiment:34:start type=tokenmonster_build params={'base_vocab': 'english-1024-balanced-v1', 'resize': 1013, 'max_decoded_bytes': 20, 'delete_multiword': False, 'delete_space_punct': False, 'delete_regex': ['  {4,}']}
[2026-03-29T15:22:08.038119+00:00] experiment:34:done vocab=1013 tpb=0.408305 dead=0.0365
[2026-03-29T15:22:30.486330+00:00] experiment:35:start type=tokenmonster_build params={'base_vocab': 'english-1024-balanced-v1', 'resize': 1015, 'max_decoded_bytes': 20, 'delete_multiword': False, 'delete_space_punct': False, 'delete_regex': ['  {4,}']}
[2026-03-29T15:22:38.384581+00:00] experiment:35:done vocab=1015 tpb=0.408178 dead=0.0374
[2026-03-29T15:23:10.839828+00:00] run:start
[2026-03-29T15:23:10.840316+00:00] run:config hash=3ee2c8f29b71
[2026-03-29T15:23:23.568018+00:00] experiment:35:start type=tokenmonster_build params={'base_vocab': 'english-1024-clean-v1', 'resize': 1014, 'max_decoded_bytes': 20, 'delete_multiword': True, 'delete_space_punct': False, 'delete_regex': ['  {4,}']}
[2026-03-29T15:23:30.867326+00:00] experiment:35:done vocab=1014 tpb=0.405810 dead=0.0424
[2026-03-29T15:23:56.744865+00:00] experiment:36:start type=tokenmonster_build params={'base_vocab': 'english-1024-consistent-v1', 'resize': 1020, 'max_decoded_bytes': 20, 'delete_multiword': True, 'delete_space_punct': True, 'delete_regex': ['  {4,}']}
[2026-03-29T15:24:04.048175+00:00] experiment:36:done vocab=1020 tpb=0.407534 dead=0.0353
[2026-03-29T15:24:33.251955+00:00] experiment:37:start type=tokenmonster_build params={'base_vocab': 'english-1024-clean-v1', 'resize': 1024, 'max_decoded_bytes': 18, 'delete_multiword': True, 'delete_space_punct': True, 'delete_regex': ['  {3,}', '^\\s+[^a-zA-Z0-9]+$']}
[2026-03-29T15:24:38.832912+00:00] experiment:37:done vocab=1024 tpb=0.405436 dead=0.0449
[2026-03-29T15:25:09.768513+00:00] experiment:38:start type=tokenmonster_build params={'base_vocab': 'english-1024-consistent-v1', 'resize': 1024, 'max_decoded_bytes': 18, 'delete_multiword': True, 'delete_space_punct': True, 'delete_regex': ['  {3,}', '^\\s+[^a-zA-Z0-9]+$']}
[2026-03-29T15:25:15.350752+00:00] experiment:38:done vocab=1024 tpb=0.407393 dead=0.0352
[2026-03-29T15:25:48.503551+00:00] experiment:39:start type=tokenmonster_build params={'base_vocab': 'english-1024-balanced-v1', 'resize': 1024, 'max_decoded_bytes': 18, 'delete_multiword': True, 'delete_space_punct': True, 'delete_regex': ['  {3,}', '^\\s+[^a-zA-Z0-9]+$']}
[2026-03-29T15:25:54.688122+00:00] experiment:39:done vocab=1024 tpb=0.408178 dead=0.0459
[2026-03-29T15:26:23.134087+00:00] experiment:40:start type=tokenmonster_build params={'base_vocab': 'english-1024-clean-v1', 'resize': 1000, 'max_decoded_bytes': 14, 'delete_multiword': True, 'delete_space_punct': True, 'delete_regex': ['  {3,}', '^\\s+[^a-zA-Z0-9]+$', '^[0-9\\s]+$', '(.)\\1{3,}', '^\\s*[^a-zA-Z]{3,}$']}
[2026-03-29T15:26:28.660698+00:00] experiment:40:done vocab=1000 tpb=0.406958 dead=0.0380
[2026-03-29T15:27:00.363035+00:00] experiment:41:start type=tokenmonster_build params={'base_vocab': 'english-1024-clean-v1', 'resize': 1024, 'max_decoded_bytes': 16, 'delete_multiword': True, 'delete_space_punct': True, 'delete_regex': ['  {3,}', '(.)\\1{3,}', '^\\s*\\d+\\s*$', '^[^a-zA-Z]+$']}
[2026-03-29T15:27:05.885158+00:00] experiment:41:done vocab=1024 tpb=0.405436 dead=0.0449
[2026-03-29T15:27:41.807520+00:00] experiment:42:start type=tokenmonster_build params={'base_vocab': 'english-1024-clean-v1', 'resize': 1024, 'max_decoded_bytes': 12, 'delete_multiword': True, 'delete_space_punct': True, 'delete_regex': ['^[\\s\\t\\n\\r]+$', '^\\s.[^a-zA-Z]$', '[\\x00-\\x1f]', '^\\s*\\d+[a-zA-Z]+', '(..)\\1{2,}']}
[2026-03-29T15:27:47.764754+00:00] experiment:42:done vocab=1024 tpb=0.405436 dead=0.0449
[2026-03-29T15:28:25.044575+00:00] experiment:43:start type=tokenmonster_build params={'base_vocab': 'english-1024-balanced-v1', 'resize': 1024, 'max_decoded_bytes': 8, 'delete_multiword': True, 'delete_space_punct': True, 'delete_regex': ['^[\\s\\t\\n\\r]+$', '(..)\\1{2,}', '^\\s*\\d+\\s*$', '^[^a-zA-Z\\s]+$', '[\\x00-\\x1f]']}
[2026-03-29T15:28:30.830103+00:00] experiment:43:done vocab=1024 tpb=0.408178 dead=0.0459
[2026-03-29T15:29:07.498851+00:00] experiment:44:start type=tokenmonster_build params={'base_vocab': 'english-1024-clean-v1', 'resize': 1024, 'max_decoded_bytes': 24, 'delete_multiword': False, 'delete_space_punct': False, 'delete_regex': ['^[\\s\\t\\n\\r]{2,}$', '[\\x00-\\x1f]', '^\\s{3,}$']}
[2026-03-29T15:29:12.861963+00:00] experiment:44:done vocab=1024 tpb=0.405436 dead=0.0449
[2026-03-29T15:29:50.094230+00:00] experiment:45:start type=tokenmonster_build params={'base_vocab': 'english-1024-clean-v1', 'resize': None, 'max_decoded_bytes': 24, 'delete_multiword': False, 'delete_space_punct': False, 'delete_regex': ['[\\x00-\\x1f]', '^[\\s\\t\\n\\r]{2,}$']}
[2026-03-29T15:32:32.517761+00:00] run:start
[2026-03-29T15:32:32.518811+00:00] run:config hash=3ee2c8f29b71
[2026-03-29T15:33:00.523217+00:00] experiment:45:start type=tokenmonster_build params={'base_vocab': 'english-1024-clean-v1', 'resize': 1018, 'max_decoded_bytes': 24, 'delete_multiword': False, 'delete_space_punct': False, 'delete_regex': ['^[\\s\\t\\n\\r]{2,}$', '[\\x00-\\x1f]', '(..)\\1{2,}']}
[2026-03-29T15:33:07.761824+00:00] experiment:45:done vocab=1018 tpb=0.405436 dead=0.0393
[2026-03-29T15:33:16.953289+00:00] frontier:update best=experiment_0045 score=4.083551
[2026-03-29T15:33:31.485471+00:00] experiment:46:start type=tokenmonster_build params={'base_vocab': 'english-1024-clean-v1', 'resize': 1020, 'max_decoded_bytes': 24, 'delete_multiword': False, 'delete_space_punct': False, 'delete_regex': ['^[\\s\\t\\n\\r]{2,}$', '[\\x00-\\x1f]', '(..)\\1{2,}']}
[2026-03-29T15:33:40.368670+00:00] experiment:46:done vocab=1020 tpb=0.405436 dead=0.0412
[2026-03-29T15:34:10.094711+00:00] experiment:47:start type=tokenmonster_build params={'base_vocab': 'english-1024-balanced-v1', 'resize': 1018, 'max_decoded_bytes': 24, 'delete_multiword': False, 'delete_space_punct': False, 'delete_regex': ['^[\\s\\t\\n\\r]{2,}$', '[\\x00-\\x1f]', '(..)\\1{2,}']}
[2026-03-29T15:34:16.722641+00:00] experiment:47:done vocab=1018 tpb=0.408178 dead=0.0403
[2026-03-29T15:34:43.209574+00:00] experiment:48:start type=tokenmonster_build params={'base_vocab': 'english-1024-consistent-v1', 'resize': 1018, 'max_decoded_bytes': 24, 'delete_multiword': False, 'delete_space_punct': False, 'delete_regex': ['^[\\s\\t\\n\\r]{2,}$', '[\\x00-\\x1f]', '(..)\\1{2,}']}
[2026-03-29T15:34:48.412255+00:00] experiment:48:done vocab=1018 tpb=0.407393 dead=0.0295
[2026-03-29T15:35:13.837087+00:00] experiment:49:start type=tokenmonster_build params={'base_vocab': 'english-1024-clean-v1', 'resize': 1014, 'max_decoded_bytes': 24, 'delete_multiword': False, 'delete_space_punct': False, 'delete_regex': ['^[\\s\\t\\n\\r]{2,}$', '[\\x00-\\x1f]', '(..)\\1{2,}']}
[2026-03-29T15:35:19.584950+00:00] experiment:49:done vocab=1014 tpb=0.405436 dead=0.0355
[2026-03-29T15:35:28.902792+00:00] frontier:update best=experiment_0049 score=4.081656
[2026-03-29T15:35:56.840251+00:00] experiment:50:start type=tokenmonster_build params={'base_vocab': 'english-1024-clean-v1', 'resize': 1010, 'max_decoded_bytes': 20, 'delete_multiword': True, 'delete_space_punct': True, 'delete_regex': ['^[\\s\\t\\n\\r]{2,}$', '[\\x00-\\x1f]', '^\\s*\\d+[a-zA-Z]', '^[^a-zA-Z\\s]{2,}$', '^\\s+[^a-zA-Z0-9\\s]']}
[2026-03-29T15:36:08.043068+00:00] experiment:50:done vocab=1010 tpb=0.406478 dead=0.0396
[2026-03-29T15:36:39.221156+00:00] experiment:51:start type=tokenmonster_build params={'base_vocab': 'english-1024-balanced-v1', 'resize': 1024, 'max_decoded_bytes': 24, 'delete_multiword': False, 'delete_space_punct': True, 'delete_regex': ['^\\s+[^a-zA-Z0-9]', '^[^a-zA-Z\\s]{3,}$', '[\\x00-\\x1f]', '^\\s*[\\(\\)\\[\\]\\{\\}<>]+\\s*$']}
[2026-03-29T15:36:45.138423+00:00] experiment:51:done vocab=1024 tpb=0.408178 dead=0.0459
[2026-03-29T15:37:08.131272+00:00] experiment:52:start type=tokenmonster_build params={'base_vocab': 'english-1024-consistent-v1', 'resize': 1024, 'max_decoded_bytes': 16, 'delete_multiword': True, 'delete_space_punct': True, 'delete_regex': ['^[\\s\\t\\n\\r]{2,}$', '[\\x00-\\x1f]', '^\\s+[^a-zA-Z0-9]', '^[^a-zA-Z]{3,}$', '\\d{3,}', '^\\s*[\\W_]{2,}$']}
[2026-03-29T15:37:14.224660+00:00] experiment:52:done vocab=1024 tpb=0.407393 dead=0.0352
[2026-03-29T15:37:40.035282+00:00] experiment:53:start type=tokenmonster_build params={'base_vocab': 'english-1024-clean-v1', 'resize': 1024, 'max_decoded_bytes': 24, 'delete_multiword': False, 'delete_space_punct': False, 'delete_regex': ['[\\x00-\\x1f]', '\\d{2,}', '^[^a-zA-Z]{4,}$', '^\\s*[\\W]{3,}\\s*$', '(.){1}\\1{3,}']}
[2026-03-29T15:37:45.922844+00:00] experiment:53:done vocab=1024 tpb=0.405436 dead=0.0449
[2026-03-29T15:38:20.303220+00:00] experiment:54:start type=tokenmonster_build params={'base_vocab': 'english-1024-clean-v1', 'resize': 998, 'max_decoded_bytes': 24, 'delete_multiword': False, 'delete_space_punct': False, 'delete_regex': ['^[\\s\\t\\n\\r]{2,}$', '[\\x00-\\x1f]', '(..)\\1{2,}']}
[2026-03-29T15:38:26.450557+00:00] experiment:54:done vocab=998 tpb=0.405436 dead=0.0200
[2026-03-29T15:38:37.050779+00:00] frontier:update best=experiment_0054 score=4.073924
[2026-03-29T15:38:54.674470+00:00] experiment:55:start type=tokenmonster_build params={'base_vocab': 'english-1024-balanced-v1', 'resize': 998, 'max_decoded_bytes': 24, 'delete_multiword': False, 'delete_space_punct': False, 'delete_regex': ['^[\\s\\t\\n\\r]{2,}$', '[\\x00-\\x1f]', '(..)\\1{2,}']}
[2026-03-29T15:39:00.486768+00:00] experiment:55:done vocab=998 tpb=0.408178 dead=0.0210
[2026-03-29T15:39:33.987695+00:00] experiment:56:start type=tokenmonster_build params={'base_vocab': 'english-1024-consistent-v1', 'resize': 998, 'max_decoded_bytes': 24, 'delete_multiword': False, 'delete_space_punct': False, 'delete_regex': ['^[\\s\\t\\n\\r]{2,}$', '[\\x00-\\x1f]', '^\\d+$', '^\\s\\d+$', '^[^a-zA-Z]{1}$']}
[2026-03-29T15:39:39.474221+00:00] experiment:56:done vocab=998 tpb=0.410679 dead=0.0251
[2026-03-29T15:40:09.575580+00:00] experiment:57:start type=tokenmonster_build params={'base_vocab': 'english-1024-clean-v1', 'resize': 980, 'max_decoded_bytes': 24, 'delete_multiword': False, 'delete_space_punct': False, 'delete_regex': ['^[\\s\\t\\n\\r]{2,}$', '[\\x00-\\x1f]', '(..)\\1{2,}']}
[2026-03-29T15:40:15.109436+00:00] experiment:57:done vocab=980 tpb=0.407578 dead=0.0163
[2026-03-29T15:40:44.394222+00:00] experiment:58:start type=tokenmonster_build params={'base_vocab': 'english-1024-clean-v1', 'resize': 998, 'max_decoded_bytes': 24, 'delete_multiword': True, 'delete_space_punct': True, 'delete_regex': ['^[\\s\\t\\n\\r]{2,}$', '[\\x00-\\x1f]', '(..)\\1{2,}']}
[2026-03-29T15:40:50.024006+00:00] experiment:58:done vocab=998 tpb=0.407046 dead=0.0381
[2026-03-29T15:40:58.931738+00:00] run:done
