
*****************************************
Setting OMP_NUM_THREADS environment variable for each process to be 1 in default, to avoid your system being overloaded, please further tune the variable for optimal performance in your application as needed. 
*****************************************
logs/xwing_countcubric.txt
val_bpb:enabled tokenizer_kind=sentencepiece tokenizer_path=/tmp/parameter-golf-data/tokenizers/fineweb_1024_bpe.model
train_loader:dataset:fineweb10B_sp1024 train_shards:80
val_loader:shards pattern=/tmp/parameter-golf-data/datasets/fineweb10B_sp1024/fineweb_val_*.bin tokens:62021632
model_params:26928220
f1_corr:rank=0 params=0 est_int6_bytes~0
mlp_act:leaky_relu_sq mlp_leaky_slope:0.5
XSA:last_4 world_size:8 grad_accum_steps:1
num_heads:8 num_kv_heads:4 embed_lr:0.035 matrix_lr:0.025
train_batch_tokens:786432 train_seq_len:2048 iterations:20000 warmup_steps:20 max_wallclock_seconds:600.000
compile:enabled=1 fullgraph=0
seed:1337
ngram_eval:order=7 alpha=0.3 min_count=2 buckets=8388608
warmup_step:1/20
warmup_step:2/20
warmup_step:3/20
warmup_step:4/20
warmup_step:5/20
warmup_step:6/20
warmup_step:7/20
warmup_step:8/20
warmup_step:9/20
warmup_step:10/20
warmup_step:11/20
warmup_step:12/20
warmup_step:13/20
warmup_step:14/20
warmup_step:15/20
warmup_step:16/20
warmup_step:17/20
warmup_step:18/20
warmup_step:19/20
warmup_step:20/20
step:0/20000 val_loss:6.9317 val_bpb:4.1054 train_time:0ms step_avg:0.02ms
step:1/20000 train_loss:6.9343 train_time:139ms step_avg:138.93ms
step:2/20000 train_loss:8.7868 train_time:223ms step_avg:111.27ms
step:3/20000 train_loss:7.9649 train_time:308ms step_avg:102.56ms
step:4/20000 train_loss:7.2290 train_time:394ms step_avg:98.41ms
step:5/20000 train_loss:6.9870 train_time:480ms step_avg:95.96ms
step:6/20000 train_loss:6.9477 train_time:566ms step_avg:94.27ms
step:7/20000 train_loss:6.8043 train_time:651ms step_avg:93.00ms
step:8/20000 train_loss:6.6815 train_time:737ms step_avg:92.07ms
step:9/20000 train_loss:6.3603 train_time:822ms step_avg:91.36ms
step:10/20000 train_loss:6.0478 train_time:908ms step_avg:90.79ms
step:500/20000 train_loss:2.3710 train_time:43789ms step_avg:87.58ms
step:1000/20000 train_loss:2.2573 train_time:87751ms step_avg:87.75ms
step:1500/20000 train_loss:2.2035 train_time:131766ms step_avg:87.84ms
step:2000/20000 train_loss:2.0480 train_time:175779ms step_avg:87.89ms
step:2500/20000 train_loss:2.1498 train_time:219791ms step_avg:87.92ms
step:3000/20000 train_loss:2.1465 train_time:263793ms step_avg:87.93ms
step:3500/20000 train_loss:2.1657 train_time:307790ms step_avg:87.94ms
step:4000/20000 train_loss:1.9564 train_time:351793ms step_avg:87.95ms
step:4000/20000 val_loss:2.0473 val_bpb:1.2125 train_time:351797ms step_avg:87.95ms
step:4500/20000 train_loss:2.1036 train_time:395772ms step_avg:87.95ms
step:5000/20000 train_loss:2.0840 train_time:439827ms step_avg:87.97ms
late_qat:enabled step:5072 scale:0.4998
step:5500/20000 train_loss:2.0017 train_time:483794ms step_avg:87.96ms
step:6000/20000 train_loss:1.9279 train_time:527770ms step_avg:87.96ms
swa:start step:6150
step:6500/20000 train_loss:2.0644 train_time:572000ms step_avg:88.00ms
step:6817/20000 val_loss:1.9220 val_bpb:1.1383 train_time:600068ms step_avg:88.03ms
stopping_early: wallclock_cap train_time:600068ms step:6817/20000
peak memory allocated: 20672 MiB reserved: 20718 MiB
gptq:calibrating with training data...
gptq:calibrated 68 layers in 3.5s
ema:applying EMA weights
DIAGNOSTIC post_ema val_loss:1.9204 val_bpb:1.1374 eval_time:2252ms
Serialized model: 106047497 bytes
Code size: 104814 bytes
gptq_quantize: 66 GPTQ layers, 0 naive layers
gptq_quantize: 66 GPTQ layers, 0 naive layers
gptq_quantize: 66 GPTQ layers, 0 naive layers
gptq_quantize: 66 GPTQ layers, 0 naive layers
gptq_quantize: 66 GPTQ layers, 0 naive layers
gptq_quantize: 66 GPTQ layers, 0 naive layers
gptq_quantize: 66 GPTQ layers, 0 naive layers
gptq_quantize: 66 GPTQ layers, 0 naive layers
Serialized model int6+zlib: 16985418 bytes
Total submission size int6+zlib: 17090232 bytes
Total submission size int8+zlib: 17090232 bytes
final_int6_roundtrip val_loss:1.9298 val_bpb:1.1429 eval_time:37226ms
final_int6_roundtrip_exact val_loss:1.92979435 val_bpb:1.14293291
final_int6_sliding_window val_loss:1.8900 val_bpb:1.1193 stride:64 eval_time:96210ms
final_int6_sliding_window_exact val_loss:1.88996443 val_bpb:1.11934635
final_int8_zlib_roundtrip_exact val_loss:1.88996443 val_bpb:1.11934635
ngram_eval:chunks=60 chunk_tokens=1048576 windows=969088 shared_tables=True recent_window_chunks=0 recent_min_order=0
ngram_eval:chunk [1/60] bpb=1.131074 t=15s
ngram_eval:chunk [2/60] bpb=1.160214 t=17s
ngram_eval:chunk [3/60] bpb=1.149428 t=20s
cubric:step=8 o2:0.808 o3:0.808 o4:1.000 o5:1.194 o6:1.159 o7:1.230
ngram_eval:chunk [11/60] bpb=1.035355 t=39s
cubric:step=16 o2:0.633 o3:0.633 o4:1.000 o5:1.513 o6:1.469 o7:1.558
ngram_eval:chunk [21/60] bpb=0.860399 t=63s
cubric:step=24 o2:0.496 o3:0.496 o4:1.000 o5:1.916 o6:1.860 o7:1.974
ngram_eval:chunk [31/60] bpb=0.737042 t=85s
cubric:step=32 o2:0.453 o3:0.389 o4:0.859 o5:2.000 o6:2.000 o7:2.000
cubric:step=40 o2:0.453 o3:0.305 o4:0.673 o5:2.000 o6:2.000 o7:2.000
ngram_eval:chunk [41/60] bpb=0.653024 t=107s
cubric:step=48 o2:0.453 o3:0.300 o4:0.527 o5:2.000 o6:2.000 o7:2.000
ngram_eval:chunk [51/60] bpb=0.597901 t=129s
cubric:step=56 o2:0.453 o3:0.300 o4:0.439 o5:1.998 o6:2.000 o7:2.000
ngram_eval:chunk [60/60] bpb=0.563935 t=160s
cubric:final c_steps=60 o2:0.453 o3:0.300 o4:0.439 o5:1.880 o6:2.000 o7:2.000
final_int6_sliding_window_ngram7 val_loss:0.9539 val_bpb:0.5650 eval_time:164073ms
final_int6_sliding_window_ngram7_exact val_loss:0.95394892 val_bpb:0.56498378
