=== FULL RUN (8xGPU, 600s) ===
Train script: /workspace/parameter-golf/records/track_10min_16mb/2026-03-26_PPM_LOO_NgramRescore/train_gpt.py
Data path: /tmp/parameter-golf-data/datasets/fineweb10B_sp1024
NGRAM: orders=2-12 buckets=4194304 alpha=[0.05,0.70] leave_one_out=1
COMPLEMENT: enabled=1 alpha=0.5
W0326 16:08:38.455000 1476 torch/distributed/run.py:803] 
W0326 16:08:38.455000 1476 torch/distributed/run.py:803] *****************************************
W0326 16:08:38.455000 1476 torch/distributed/run.py:803] Setting OMP_NUM_THREADS environment variable for each process to be 1 in default, to avoid your system being overloaded, please further tune the variable for optimal performance in your application as needed. 
W0326 16:08:38.455000 1476 torch/distributed/run.py:803] *****************************************
logs/cd9d32f6-e625-4d6e-81f6-01f552f83837.txt
val_bpb:enabled tokenizer_kind=sentencepiece tokenizer_path=/tmp/parameter-golf-data/tokenizers/fineweb_1024_bpe.model
train_loader:dataset:fineweb10B_sp1024 train_shards:80
val_loader:shards pattern=/tmp/parameter-golf-data/datasets/fineweb10B_sp1024/fineweb_val_*.bin tokens:62021632
model_params:26993756
mtp_num_heads:0 mtp_loss_weight:0.2 mtp_params:0
XSA:last_4 active_layers:[7, 8, 9, 10]
world_size:8 grad_accum_steps:1
sdp_backends:cudnn=False flash=True mem_efficient=False math=False
attention_mode:gqa num_heads:8 num_kv_heads:4
tie_embeddings:True embed_lr:0.035 head_lr:0.0 matrix_lr:0.025 scalar_lr:0.025
activation_mode:leaky_relu_sq neg_slope:0.5 asym_init:0.25 gated_beta_init:1.0
train_batch_tokens:786432 train_seq_len:2048 iterations:20000 warmup_steps:20 max_wallclock_seconds:600.000
seed:1337
warmup_step:1/20
warmup_step:2/20
warmup_step:3/20
warmup_step:4/20
warmup_step:5/20
warmup_step:6/20
warmup_step:7/20
warmup_step:8/20
warmup_step:9/20
warmup_step:10/20
warmup_step:11/20
warmup_step:12/20
warmup_step:13/20
warmup_step:14/20
warmup_step:15/20
warmup_step:16/20
warmup_step:17/20
warmup_step:18/20
warmup_step:19/20
warmup_step:20/20
complement:enabled alpha=0.5
step:0/20000 val_loss:6.9309 val_bpb:4.1049 train_time:0ms step_avg:0.01ms
step:1/20000 train_loss:6.9317 train_time:26004ms step_avg:26003.77ms
late_qat:enabled step:1 scale:0.0063
step:2/20000 train_loss:8.6769 train_time:26034ms step_avg:13017.05ms
step:3/20000 train_loss:8.6957 train_time:26116ms step_avg:8705.28ms
step:4/20000 train_loss:8.6588 train_time:26199ms step_avg:6549.72ms
step:5/20000 train_loss:8.5768 train_time:26282ms step_avg:5256.42ms
step:6/20000 train_loss:8.4903 train_time:26366ms step_avg:4394.27ms
step:7/20000 train_loss:8.2904 train_time:26448ms step_avg:3778.30ms
step:8/20000 train_loss:8.1503 train_time:26533ms step_avg:3316.60ms
step:9/20000 train_loss:7.8163 train_time:26617ms step_avg:2957.48ms
step:10/20000 train_loss:7.6039 train_time:26700ms step_avg:2669.96ms
step:500/20000 train_loss:2.4659 train_time:68079ms step_avg:136.16ms
step:1000/20000 train_loss:2.3083 train_time:110573ms step_avg:110.57ms
step:1500/20000 train_loss:2.2502 train_time:153113ms step_avg:102.08ms
step:2000/20000 train_loss:2.0929 train_time:195673ms step_avg:97.84ms
step:2500/20000 train_loss:2.1977 train_time:238228ms step_avg:95.29ms
step:3000/20000 train_loss:2.1870 train_time:280753ms step_avg:93.58ms
step:3500/20000 train_loss:2.1943 train_time:323276ms step_avg:92.36ms
step:4000/20000 train_loss:1.9825 train_time:365782ms step_avg:91.45ms
step:4000/20000 val_loss:2.0480 val_bpb:1.2130 train_time:365832ms step_avg:91.46ms
step:4500/20000 train_loss:2.1366 train_time:408304ms step_avg:90.73ms
step:5000/20000 train_loss:2.1164 train_time:450804ms step_avg:90.16ms
step:5500/20000 train_loss:2.0299 train_time:493289ms step_avg:89.69ms
step:6000/20000 train_loss:1.9526 train_time:535755ms step_avg:89.29ms
swa:start step:6050
step:6500/20000 train_loss:2.0916 train_time:578910ms step_avg:89.06ms
step:6745/20000 val_loss:1.9287 val_bpb:1.1423 train_time:600101ms step_avg:88.97ms
stopping_early: wallclock_cap train_time:600101ms step:6745/20000
peak memory allocated: 23214 MiB reserved: 23858 MiB
ema:applying EMA weights
DIAGNOSTIC post_ema val_loss:1.9270 val_bpb:1.1413 eval_time:1993ms
Serialized model: 106158518 bytes
Code size: 115396 bytes
Serialized model int6+lzma: 15718304 bytes
Total submission size int6+lzma: 15833700 bytes
final_int6_roundtrip val_loss:1.9438 val_bpb:1.1512 eval_time:18780ms
final_int6_roundtrip_exact val_loss:1.94376107 val_bpb:1.15120479
final_int6_sliding_window val_loss:1.9047 val_bpb:1.1281 stride:64 eval_time:96897ms
final_int6_sliding_window_exact val_loss:1.90474719 val_bpb:1.12810156
final_int8_zlib_roundtrip_exact val_loss:1.90474719 val_bpb:1.12810156
ngram_two_pass: starting Pass 1 (sliding-window neural eval)
ngram_two_pass: Pass 1 done val_bpb=1.128102 tokens_scored=7754688 time=88.6s
ngram_two_pass: building cache orders=2-12 buckets=4194304
ngram_two_pass: cache built in 33.3s
ngram_two_pass: starting Pass 2 (n-gram rescore)
ngram_rescore: matched=7754688/7754688 (100.0%) mean_alpha=0.821 leave_one_out=1
ngram_two_pass: Pass 2 done val_bpb=0.099063 improvement=1.029039 time=22.3s
ngram_two_pass: total time=144.1s
ngram_two_pass val_loss:0.1673 val_bpb:0.0991 eval_time:144142ms
ngram_two_pass_exact val_loss:0.16726331 val_bpb:0.09906302
final_int8_zlib_roundtrip_exact val_loss:0.16726331 val_bpb:0.09906302
