=== FULL RUN (8xGPU, 600s) ===
verified train_shards=80 val_shards=1
verified tokenizer=/tmp/parameter-golf-data/tokenizers/fineweb_1024_bpe.model
Train script: /workspace/parameter-golf/records/track_10min_16mb/2026-03-26_PPM_NgramRescore/train_gpt.py
Data path: /tmp/parameter-golf-data/datasets/fineweb10B_sp1024
NGRAM: orders=2-16 buckets=16777216 alpha=[0.05,0.85]
COMPLEMENT: enabled=0 alpha=0.5
W0326 14:31:49.238000 1081 torch/distributed/run.py:803] 
W0326 14:31:49.238000 1081 torch/distributed/run.py:803] *****************************************
W0326 14:31:49.238000 1081 torch/distributed/run.py:803] Setting OMP_NUM_THREADS environment variable for each process to be 1 in default, to avoid your system being overloaded, please further tune the variable for optimal performance in your application as needed. 
W0326 14:31:49.238000 1081 torch/distributed/run.py:803] *****************************************
logs/f6c9b726-6ba5-47c7-b6a6-f0fe550752f7.txt
val_bpb:enabled tokenizer_kind=sentencepiece tokenizer_path=/tmp/parameter-golf-data/tokenizers/fineweb_1024_bpe.model
train_loader:dataset:fineweb10B_sp1024 train_shards:80
val_loader:shards pattern=/tmp/parameter-golf-data/datasets/fineweb10B_sp1024/fineweb_val_*.bin tokens:62021632
model_params:26993756
mtp_num_heads:0 mtp_loss_weight:0.2 mtp_params:0
XSA:last_4 active_layers:[7, 8, 9, 10]
world_size:8 grad_accum_steps:1
sdp_backends:cudnn=False flash=True mem_efficient=False math=False
attention_mode:gqa num_heads:8 num_kv_heads:4
tie_embeddings:True embed_lr:0.035 head_lr:0.0 matrix_lr:0.025 scalar_lr:0.025
activation_mode:leaky_relu_sq neg_slope:0.5 asym_init:0.25 gated_beta_init:1.0
train_batch_tokens:786432 train_seq_len:2048 iterations:20000 warmup_steps:20 max_wallclock_seconds:600.000
seed:1337
warmup_step:1/20
warmup_step:2/20
warmup_step:3/20
warmup_step:4/20
warmup_step:5/20
warmup_step:6/20
warmup_step:7/20
warmup_step:8/20
warmup_step:9/20
warmup_step:10/20
warmup_step:11/20
warmup_step:12/20
warmup_step:13/20
warmup_step:14/20
warmup_step:15/20
warmup_step:16/20
warmup_step:17/20
warmup_step:18/20
warmup_step:19/20
warmup_step:20/20
step:0/20000 val_loss:6.9309 val_bpb:4.1049 train_time:0ms step_avg:0.04ms
step:1/20000 train_loss:6.9317 train_time:133ms step_avg:132.77ms
step:2/20000 train_loss:8.6535 train_time:161ms step_avg:80.58ms
step:3/20000 train_loss:7.6846 train_time:241ms step_avg:80.36ms
step:4/20000 train_loss:7.2551 train_time:323ms step_avg:80.77ms
step:5/20000 train_loss:7.1511 train_time:407ms step_avg:81.42ms
step:6/20000 train_loss:7.1069 train_time:489ms step_avg:81.43ms
step:7/20000 train_loss:6.9993 train_time:572ms step_avg:81.71ms
step:8/20000 train_loss:6.9264 train_time:656ms step_avg:82.05ms
step:9/20000 train_loss:6.5601 train_time:738ms step_avg:81.98ms
step:10/20000 train_loss:6.1612 train_time:824ms step_avg:82.37ms
step:500/20000 train_loss:2.3888 train_time:41633ms step_avg:83.27ms
step:1000/20000 train_loss:2.2636 train_time:83565ms step_avg:83.56ms
step:1500/20000 train_loss:2.2076 train_time:125553ms step_avg:83.70ms
step:2000/20000 train_loss:2.0515 train_time:167523ms step_avg:83.76ms
step:2500/20000 train_loss:2.1583 train_time:209454ms step_avg:83.78ms
step:3000/20000 train_loss:2.1473 train_time:251365ms step_avg:83.79ms
step:3500/20000 train_loss:2.1686 train_time:293274ms step_avg:83.79ms
step:4000/20000 train_loss:1.9635 train_time:335161ms step_avg:83.79ms
step:4000/20000 val_loss:2.0550 val_bpb:1.2171 train_time:335211ms step_avg:83.80ms
step:4500/20000 train_loss:2.1146 train_time:377052ms step_avg:83.79ms
step:5000/20000 train_loss:2.0985 train_time:419020ms step_avg:83.80ms
step:5500/20000 train_loss:2.0109 train_time:460865ms step_avg:83.79ms
step:6000/20000 train_loss:1.9390 train_time:502720ms step_avg:83.79ms
swa:start step:6500
step:6500/20000 train_loss:2.0783 train_time:544574ms step_avg:83.78ms
late_qat:enabled step:6634 scale:0.1498
step:7000/20000 train_loss:1.7862 train_time:587070ms step_avg:83.87ms
step:7152/20000 val_loss:1.9198 val_bpb:1.1370 train_time:600084ms step_avg:83.90ms
stopping_early: wallclock_cap train_time:600084ms step:7152/20000
peak memory allocated: 21482 MiB reserved: 22032 MiB
ema:applying EMA weights
DIAGNOSTIC post_ema val_loss:1.9180 val_bpb:1.1360 eval_time:1986ms
Serialized model: 106158518 bytes
Code size: 113334 bytes
Serialized model int6+lzma: 15856836 bytes
Total submission size int6+lzma: 15970170 bytes
final_int6_roundtrip val_loss:1.9322 val_bpb:1.1444 eval_time:18596ms
final_int6_roundtrip_exact val_loss:1.93221776 val_bpb:1.14436819
final_int6_sliding_window val_loss:1.8926 val_bpb:1.1209 stride:64 eval_time:96676ms
final_int6_sliding_window_exact val_loss:1.89259335 val_bpb:1.12090336
final_int8_zlib_roundtrip_exact val_loss:1.89259335 val_bpb:1.12090336
ngram_two_pass: starting Pass 1 (sliding-window neural eval)
ngram_two_pass: Pass 1 done val_bpb=1.120903 tokens_scored=7754688 time=88.8s
ngram_two_pass: building cache orders=2-16 buckets=16777216
ngram_two_pass: cache built in 57.6s
ngram_two_pass: starting Pass 2 (n-gram rescore)
ngram_rescore: matched=7754688/7754688 (100.0%) mean_alpha=0.950
ngram_two_pass: Pass 2 done val_bpb=0.164270 improvement=0.956633 time=67.2s
ngram_two_pass: total time=213.7s
ngram_two_pass val_loss:0.2774 val_bpb:0.1643 eval_time:213742ms
ngram_two_pass_exact val_loss:0.27736213 val_bpb:0.16426991
final_int8_zlib_roundtrip_exact val_loss:0.27736213 val_bpb:0.16426991
